2024-04-17 19:17:28 - INFO - Received temperature measurement: 29, from country: None, location: None, lt: None, lg:None
2024-04-17 19:17:28 - INFO - Putting temperature data into queue
2024-04-17 19:17:29 - INFO - Popped temperature data from queue {'type': 'temperature', 'location': {'country': 'USA', 'name': 'ISB', 'latitude': 2.0, 'longitude': 3.0}, 'value': 29}
2024-04-17 19:17:29 - INFO - Temperature data sent via websocket.
2024-04-17 19:18:26 - INFO - Received temperature measurement: 14, from country: None, location: None, lt: None, lg:None
2024-04-17 19:18:26 - INFO - Putting temperature data into queue
2024-04-17 19:18:27 - INFO - Popped temperature data from queue {'type': 'temperature', 'location': {'country': 'USA', 'name': 'ISB', 'latitude': 2.0, 'longitude': 3.0}, 'value': 14}
2024-04-17 19:18:27 - INFO - Temperature data sent via websocket.
2024-04-17 19:21:05 - ERROR - Error processing temperature data: 'dict' object has no attribute 'location'
2024-04-17 19:23:53 - INFO - Received temperature measurement: 46, from country: USA, location: ISB, lt: 2.0, lg:3.0
2024-04-17 19:23:53 - INFO - Putting temperature data into queue
2024-04-17 19:23:53 - INFO - Popped temperature data from queue {'type': 'temperature', 'location': {'country': 'USA', 'name': 'ISB', 'latitude': 2.0, 'longitude': 3.0}, 'value': 46}
2024-04-17 19:23:53 - INFO - Temperature data sent via websocket.
2024-04-17 19:24:51 - INFO - Received temperature measurement: -34, from country: USA, location: ISB, lt: 2.0, lg:3.0
2024-04-17 19:24:51 - INFO - Putting temperature data into queue
2024-04-17 19:24:52 - INFO - Popped temperature data from queue {'type': 'temperature', 'location': {'country': 'USA', 'name': 'ISB', 'latitude': 2.0, 'longitude': 3.0}, 'value': -34}
2024-04-17 19:24:52 - INFO - Temperature data sent via websocket.
2024-04-17 19:49:00 - INFO - Received temperature measurement: 33, from country: USA, location: ISB, lt: 2.0, lg:3.0
2024-04-17 19:49:00 - INFO - Putting temperature data into queue
2024-04-17 19:49:00 - INFO - Popped temperature data from queue {'type': 'temperature', 'location': {'country': 'USA', 'name': 'ISB', 'latitude': 2.0, 'longitude': 3.0}, 'value': 33}
2024-04-17 19:49:00 - INFO - Temperature data sent via websocket.
2024-04-17 19:49:58 - INFO - Received temperature measurement: -48, from country: USA, location: ISB, lt: 2.0, lg:3.0
2024-04-17 19:49:58 - INFO - Putting temperature data into queue
2024-04-17 19:49:58 - INFO - Popped temperature data from queue {'type': 'temperature', 'location': {'country': 'USA', 'name': 'ISB', 'latitude': 2.0, 'longitude': 3.0}, 'value': -48}
2024-04-17 19:49:58 - INFO - Temperature data sent via websocket.
2024-04-17 19:50:58 - INFO - Received temperature measurement: -9, from country: USA, location: ISB, lt: 2.0, lg:3.0
2024-04-17 19:50:58 - INFO - Putting temperature data into queue
2024-04-17 19:50:58 - INFO - Popped temperature data from queue {'type': 'temperature', 'location': {'country': 'USA', 'name': 'ISB', 'latitude': 2.0, 'longitude': 3.0}, 'value': -9}
2024-04-17 19:50:58 - INFO - Temperature data sent via websocket.
2024-04-17 19:51:58 - INFO - Received temperature measurement: -48, from country: USA, location: ISB, lt: 2.0, lg:3.0
2024-04-17 19:51:58 - INFO - Putting temperature data into queue
2024-04-17 19:51:58 - INFO - Popped temperature data from queue {'type': 'temperature', 'location': {'country': 'USA', 'name': 'ISB', 'latitude': 2.0, 'longitude': 3.0}, 'value': -48}
2024-04-17 19:51:58 - INFO - Temperature data sent via websocket.
2024-04-17 19:52:58 - INFO - Received temperature measurement: 18, from country: USA, location: ISB, lt: 2.0, lg:3.0
2024-04-17 19:52:58 - INFO - Putting temperature data into queue
2024-04-17 19:52:58 - INFO - Popped temperature data from queue {'type': 'temperature', 'location': {'country': 'USA', 'name': 'ISB', 'latitude': 2.0, 'longitude': 3.0}, 'value': 18}
2024-04-17 19:52:58 - INFO - Temperature data sent via websocket.
2024-04-17 19:53:58 - INFO - Received temperature measurement: 25, from country: USA, location: ISB, lt: 2.0, lg:3.0
2024-04-17 19:53:58 - INFO - Putting temperature data into queue
2024-04-17 19:53:58 - INFO - Popped temperature data from queue {'type': 'temperature', 'location': {'country': 'USA', 'name': 'ISB', 'latitude': 2.0, 'longitude': 3.0}, 'value': 25}
2024-04-17 19:53:58 - INFO - Temperature data sent via websocket.
2024-04-17 19:54:58 - INFO - Received temperature measurement: 8, from country: USA, location: ISB, lt: 2.0, lg:3.0
2024-04-17 19:54:58 - INFO - Putting temperature data into queue
2024-04-17 19:54:58 - INFO - Popped temperature data from queue {'type': 'temperature', 'location': {'country': 'USA', 'name': 'ISB', 'latitude': 2.0, 'longitude': 3.0}, 'value': 8}
2024-04-17 19:54:58 - INFO - Temperature data sent via websocket.
2024-04-17 19:55:58 - INFO - Received temperature measurement: -14, from country: USA, location: ISB, lt: 2.0, lg:3.0
2024-04-17 19:55:58 - INFO - Putting temperature data into queue
2024-04-17 19:55:59 - INFO - Popped temperature data from queue {'type': 'temperature', 'location': {'country': 'USA', 'name': 'ISB', 'latitude': 2.0, 'longitude': 3.0}, 'value': -14}
2024-04-17 19:55:59 - INFO - Temperature data sent via websocket.
2024-04-20 10:38:13 - INFO - Waiting for websocket connection...
2024-04-20 10:38:14 - ERROR - Failed to connect to websocket server: [Errno 11001] getaddrinfo failed
2024-04-20 10:38:14 - INFO - Retrying connection in 10 seconds...
2024-04-20 10:38:15 - ERROR - Failed to connect to websocket server: [Errno 11001] getaddrinfo failed
2024-04-20 10:38:15 - INFO - Retrying connection in 10 seconds...
2024-04-20 10:38:25 - ERROR - Failed to connect to websocket server: [Errno 11001] getaddrinfo failed
2024-04-20 10:38:25 - INFO - Retrying connection in 10 seconds...
2024-04-20 10:38:26 - ERROR - Failed to connect to websocket server: [Errno 11001] getaddrinfo failed
2024-04-20 10:38:26 - INFO - Retrying connection in 10 seconds...
2024-04-20 10:38:36 - ERROR - Failed to connect to websocket server: [Errno 11001] getaddrinfo failed
2024-04-20 10:38:36 - INFO - Retrying connection in 10 seconds...
2024-04-20 10:38:37 - ERROR - Failed to connect to websocket server: [Errno 11001] getaddrinfo failed
2024-04-20 10:38:37 - INFO - Retrying connection in 10 seconds...
2024-04-20 10:38:47 - ERROR - Failed to connect to websocket server: [Errno 11001] getaddrinfo failed
2024-04-20 10:38:47 - INFO - Retrying connection in 10 seconds...
2024-04-20 10:38:48 - ERROR - Failed to connect to websocket server: [Errno 11001] getaddrinfo failed
2024-04-20 10:38:48 - INFO - Retrying connection in 10 seconds...
2024-04-20 10:43:16 - INFO - Waiting for websocket connection...
2024-04-20 10:43:17 - ERROR - Failed to connect to websocket server: [Errno 11001] getaddrinfo failed
2024-04-20 10:43:17 - INFO - Retrying connection in 20 seconds...
2024-04-20 10:43:18 - ERROR - Failed to connect to websocket server: [Errno 11001] getaddrinfo failed
2024-04-20 10:43:18 - INFO - Retrying connection in 20 seconds...
2024-04-20 10:43:38 - ERROR - Failed to connect to websocket server: [Errno 11001] getaddrinfo failed
2024-04-20 10:43:38 - INFO - Retrying connection in 20 seconds...
2024-04-20 10:43:39 - ERROR - Failed to connect to websocket server: [Errno 11001] getaddrinfo failed
2024-04-20 10:43:39 - INFO - Retrying connection in 20 seconds...
2024-04-20 10:43:59 - ERROR - Failed to connect to websocket server: [Errno 11001] getaddrinfo failed
2024-04-20 10:43:59 - INFO - Retrying connection in 20 seconds...
2024-04-20 10:44:00 - ERROR - Failed to connect to websocket server: [Errno 11001] getaddrinfo failed
2024-04-20 10:44:00 - INFO - Retrying connection in 20 seconds...
2024-04-20 10:44:01 - INFO - Received temperature measurement: -49, from country: USA, location: ISB, lt: 2.0, lg:3.0
2024-04-20 10:44:01 - INFO - Putting temperature data into queue
2024-04-20 10:44:20 - ERROR - Failed to connect to websocket server: [Errno 11001] getaddrinfo failed
2024-04-20 10:44:20 - INFO - Retrying connection in 20 seconds...
2024-04-20 10:44:21 - ERROR - Failed to connect to websocket server: [Errno 11001] getaddrinfo failed
2024-04-20 10:44:21 - INFO - Retrying connection in 20 seconds...
2024-04-20 10:44:41 - ERROR - Failed to connect to websocket server: [Errno 11001] getaddrinfo failed
2024-04-20 10:44:41 - INFO - Retrying connection in 20 seconds...
2024-04-20 10:44:42 - ERROR - Failed to connect to websocket server: [Errno 11001] getaddrinfo failed
2024-04-20 10:44:42 - INFO - Retrying connection in 20 seconds...
2024-04-20 10:45:01 - INFO - Received temperature measurement: -19, from country: USA, location: ISB, lt: 2.0, lg:3.0
2024-04-20 10:45:01 - INFO - Putting temperature data into queue
2024-04-20 10:45:02 - ERROR - Failed to connect to websocket server: [Errno 11001] getaddrinfo failed
2024-04-20 10:45:02 - INFO - Retrying connection in 20 seconds...
2024-04-20 10:45:03 - ERROR - Failed to connect to websocket server: [Errno 11001] getaddrinfo failed
2024-04-20 10:45:03 - INFO - Retrying connection in 20 seconds...
2024-04-20 10:45:23 - ERROR - Failed to connect to websocket server: [Errno 11001] getaddrinfo failed
2024-04-20 10:45:23 - INFO - Retrying connection in 20 seconds...
2024-04-20 10:45:24 - ERROR - Failed to connect to websocket server: [Errno 11001] getaddrinfo failed
2024-04-20 10:45:24 - INFO - Retrying connection in 20 seconds...
2024-04-20 10:45:44 - ERROR - Failed to connect to websocket server: [Errno 11001] getaddrinfo failed
2024-04-20 10:45:44 - INFO - Retrying connection in 20 seconds...
2024-04-20 10:45:45 - ERROR - Failed to connect to websocket server: [Errno 11001] getaddrinfo failed
2024-04-20 10:45:45 - INFO - Retrying connection in 20 seconds...
2024-04-20 10:46:00 - INFO - Received temperature measurement: 11, from country: USA, location: ISB, lt: 2.0, lg:3.0
2024-04-20 10:46:00 - INFO - Putting temperature data into queue
2024-04-20 10:46:05 - ERROR - Failed to connect to websocket server: [Errno 11001] getaddrinfo failed
2024-04-20 10:46:05 - INFO - Retrying connection in 20 seconds...
2024-04-20 10:46:06 - ERROR - Failed to connect to websocket server: [Errno 11001] getaddrinfo failed
2024-04-20 10:46:06 - INFO - Retrying connection in 20 seconds...
2024-04-20 10:46:26 - ERROR - Failed to connect to websocket server: [Errno 11001] getaddrinfo failed
2024-04-20 10:46:26 - INFO - Retrying connection in 20 seconds...
2024-04-20 10:46:27 - ERROR - Failed to connect to websocket server: [Errno 11001] getaddrinfo failed
2024-04-20 10:46:27 - INFO - Retrying connection in 20 seconds...
2024-04-20 10:46:47 - ERROR - Failed to connect to websocket server: [Errno 11001] getaddrinfo failed
2024-04-20 10:46:47 - INFO - Retrying connection in 20 seconds...
2024-04-20 10:46:48 - ERROR - Failed to connect to websocket server: [Errno 11001] getaddrinfo failed
2024-04-20 10:46:48 - INFO - Retrying connection in 20 seconds...
2024-04-20 13:39:23 - INFO - Waiting for websocket connection...
2024-04-20 13:39:24 - ERROR - Failed to connect to websocket server: [Errno 11001] getaddrinfo failed
2024-04-20 13:39:24 - INFO - Retrying connection in 20 seconds...
2024-04-20 13:39:25 - ERROR - Failed to connect to websocket server: [Errno 11001] getaddrinfo failed
2024-04-20 13:39:25 - INFO - Retrying connection in 20 seconds...
2024-04-20 13:40:45 - INFO - Waiting for websocket connection...
2024-04-20 13:40:50 - ERROR - Failed to connect to websocket server: [WinError 10061] No connection could be made because the target machine actively refused it
2024-04-20 13:40:50 - INFO - Retrying connection in 20 seconds...
2024-04-20 13:40:51 - ERROR - Failed to connect to websocket server: [WinError 10061] No connection could be made because the target machine actively refused it
2024-04-20 13:40:51 - INFO - Retrying connection in 20 seconds...
2024-04-20 13:40:56 - INFO - Received temperature measurement: 14, from country: USA, location: ISB, lt: 2.0, lg:3.0
2024-04-20 13:40:56 - INFO - Putting temperature data into queue
2024-04-20 13:41:10 - INFO - Connected to websocket server.
2024-04-20 13:41:11 - INFO - Connected to websocket server.
2024-04-20 13:41:11 - INFO - Waiting for websocket connection...
2024-04-20 13:41:12 - INFO - Connected to websocket server.
2024-04-20 13:41:12 - INFO - Waiting for websocket connection...
2024-04-20 13:41:13 - INFO - Connected to websocket server.
2024-04-20 13:41:13 - INFO - Waiting for websocket connection...
2024-04-20 13:41:14 - INFO - Connected to websocket server.
2024-04-20 13:41:14 - INFO - Waiting for websocket connection...
2024-04-20 13:41:15 - INFO - Connected to websocket server.
2024-04-20 13:41:15 - INFO - Waiting for websocket connection...
2024-04-20 13:41:16 - INFO - Connected to websocket server.
2024-04-20 13:41:16 - INFO - Waiting for websocket connection...
2024-04-20 13:41:17 - INFO - Connected to websocket server.
2024-04-20 13:41:17 - INFO - Waiting for websocket connection...
2024-04-20 13:41:18 - INFO - Connected to websocket server.
2024-04-20 13:41:18 - INFO - Waiting for websocket connection...
2024-04-20 13:41:19 - INFO - Connected to websocket server.
2024-04-20 13:41:19 - INFO - Waiting for websocket connection...
2024-04-20 13:41:20 - INFO - Connected to websocket server.
2024-04-20 13:41:20 - INFO - Waiting for websocket connection...
2024-04-20 13:41:21 - INFO - Connected to websocket server.
2024-04-20 13:41:21 - INFO - Waiting for websocket connection...
2024-04-20 13:41:22 - INFO - Connected to websocket server.
2024-04-20 13:41:22 - INFO - Waiting for websocket connection...
2024-04-20 13:41:23 - INFO - Connected to websocket server.
2024-04-20 13:41:23 - INFO - Waiting for websocket connection...
2024-04-20 13:41:24 - INFO - Connected to websocket server.
2024-04-20 13:41:24 - INFO - Waiting for websocket connection...
2024-04-20 13:41:25 - INFO - Connected to websocket server.
2024-04-20 13:41:25 - INFO - Waiting for websocket connection...
2024-04-20 13:41:26 - INFO - Connected to websocket server.
2024-04-20 13:41:26 - INFO - Waiting for websocket connection...
2024-04-20 13:41:27 - INFO - Connected to websocket server.
2024-04-20 13:41:27 - INFO - Waiting for websocket connection...
2024-04-20 13:41:28 - INFO - Connected to websocket server.
2024-04-20 13:41:28 - INFO - Waiting for websocket connection...
2024-04-20 13:41:29 - INFO - Connected to websocket server.
2024-04-20 13:41:29 - INFO - Waiting for websocket connection...
2024-04-20 13:41:30 - INFO - Connected to websocket server.
2024-04-20 13:41:30 - INFO - Waiting for websocket connection...
2024-04-20 13:41:31 - INFO - Connected to websocket server.
2024-04-20 13:41:31 - INFO - Waiting for websocket connection...
2024-04-20 13:41:32 - INFO - Connected to websocket server.
2024-04-20 13:41:32 - INFO - Waiting for websocket connection...
2024-04-20 13:41:33 - INFO - Connected to websocket server.
2024-04-20 13:41:33 - INFO - Waiting for websocket connection...
2024-04-20 13:41:34 - INFO - Connected to websocket server.
2024-04-20 13:41:34 - INFO - Waiting for websocket connection...
2024-04-20 13:41:35 - INFO - Connected to websocket server.
2024-04-20 13:41:35 - INFO - Waiting for websocket connection...
2024-04-20 13:41:36 - INFO - Connected to websocket server.
2024-04-20 13:41:36 - INFO - Waiting for websocket connection...
2024-04-20 13:41:37 - INFO - Connected to websocket server.
2024-04-20 13:41:37 - INFO - Waiting for websocket connection...
2024-04-20 13:41:38 - INFO - Connected to websocket server.
2024-04-20 13:41:38 - INFO - Waiting for websocket connection...
2024-04-20 13:41:39 - INFO - Connected to websocket server.
2024-04-20 13:41:39 - INFO - Waiting for websocket connection...
2024-04-20 13:41:40 - INFO - Connected to websocket server.
2024-04-20 13:41:40 - INFO - Waiting for websocket connection...
2024-04-20 13:41:41 - INFO - Connected to websocket server.
2024-04-20 13:41:41 - INFO - Waiting for websocket connection...
2024-04-20 13:41:42 - INFO - Connected to websocket server.
2024-04-20 13:41:42 - INFO - Waiting for websocket connection...
2024-04-20 13:41:43 - INFO - Connected to websocket server.
2024-04-20 13:41:43 - INFO - Waiting for websocket connection...
2024-04-20 13:41:44 - INFO - Connected to websocket server.
2024-04-20 13:41:44 - INFO - Waiting for websocket connection...
2024-04-20 13:41:45 - INFO - Connected to websocket server.
2024-04-20 13:41:45 - INFO - Waiting for websocket connection...
2024-04-20 13:41:46 - INFO - Connected to websocket server.
2024-04-20 13:41:46 - INFO - Waiting for websocket connection...
2024-04-20 13:41:47 - INFO - Connected to websocket server.
2024-04-20 13:41:47 - INFO - Waiting for websocket connection...
2024-04-20 13:41:48 - INFO - Connected to websocket server.
2024-04-20 13:41:48 - INFO - Waiting for websocket connection...
2024-04-20 13:41:49 - INFO - Connected to websocket server.
2024-04-20 13:41:49 - INFO - Waiting for websocket connection...
2024-04-20 13:41:50 - INFO - Connected to websocket server.
2024-04-20 13:41:50 - INFO - Waiting for websocket connection...
2024-04-20 13:41:51 - INFO - Connected to websocket server.
2024-04-20 13:41:51 - INFO - Waiting for websocket connection...
2024-04-20 13:41:52 - INFO - Connected to websocket server.
2024-04-20 13:41:52 - INFO - Waiting for websocket connection...
2024-04-20 13:41:53 - INFO - Connected to websocket server.
2024-04-20 13:41:53 - INFO - Waiting for websocket connection...
2024-04-20 13:41:54 - INFO - Connected to websocket server.
2024-04-20 13:41:54 - INFO - Waiting for websocket connection...
2024-04-20 13:41:55 - INFO - Connected to websocket server.
2024-04-20 13:41:55 - INFO - Waiting for websocket connection...
2024-04-20 13:41:56 - INFO - Connected to websocket server.
2024-04-20 13:41:56 - INFO - Waiting for websocket connection...
2024-04-20 13:41:56 - INFO - Received temperature measurement: -26, from country: USA, location: ISB, lt: 2.0, lg:3.0
2024-04-20 13:41:56 - INFO - Putting temperature data into queue
2024-04-20 13:41:57 - INFO - Connected to websocket server.
2024-04-20 13:41:57 - INFO - Waiting for websocket connection...
2024-04-20 13:41:58 - INFO - Connected to websocket server.
2024-04-20 13:41:58 - INFO - Waiting for websocket connection...
2024-04-20 13:41:59 - INFO - Connected to websocket server.
2024-04-20 13:41:59 - INFO - Waiting for websocket connection...
2024-04-20 13:42:00 - INFO - Connected to websocket server.
2024-04-20 13:42:00 - INFO - Waiting for websocket connection...
2024-04-20 13:42:01 - INFO - Connected to websocket server.
2024-04-20 13:42:01 - INFO - Waiting for websocket connection...
2024-04-20 13:42:02 - INFO - Connected to websocket server.
2024-04-20 13:42:02 - INFO - Waiting for websocket connection...
2024-04-20 13:42:03 - INFO - Connected to websocket server.
2024-04-20 13:42:03 - INFO - Waiting for websocket connection...
2024-04-20 13:42:04 - INFO - Connected to websocket server.
2024-04-20 13:42:04 - INFO - Waiting for websocket connection...
2024-04-20 13:42:05 - INFO - Connected to websocket server.
2024-04-20 13:42:05 - INFO - Waiting for websocket connection...
2024-04-20 13:42:06 - INFO - Connected to websocket server.
2024-04-20 13:42:06 - INFO - Waiting for websocket connection...
2024-04-20 13:42:07 - INFO - Connected to websocket server.
2024-04-20 13:42:07 - INFO - Waiting for websocket connection...
2024-04-20 13:42:08 - INFO - Connected to websocket server.
2024-04-20 13:42:08 - INFO - Waiting for websocket connection...
2024-04-20 13:42:09 - INFO - Connected to websocket server.
2024-04-20 13:42:09 - INFO - Waiting for websocket connection...
2024-04-20 13:42:10 - INFO - Connected to websocket server.
2024-04-20 13:42:10 - INFO - Waiting for websocket connection...
2024-04-20 13:42:11 - INFO - Connected to websocket server.
2024-04-20 13:42:11 - INFO - Waiting for websocket connection...
2024-04-20 13:42:12 - INFO - Connected to websocket server.
2024-04-20 13:42:12 - INFO - Waiting for websocket connection...
2024-04-20 13:42:13 - INFO - Connected to websocket server.
2024-04-20 13:42:13 - INFO - Waiting for websocket connection...
2024-04-20 13:42:14 - INFO - Connected to websocket server.
2024-04-20 13:42:14 - INFO - Waiting for websocket connection...
2024-04-20 13:42:15 - INFO - Connected to websocket server.
2024-04-20 13:42:15 - INFO - Waiting for websocket connection...
2024-04-20 13:42:16 - INFO - Connected to websocket server.
2024-04-20 13:42:16 - INFO - Waiting for websocket connection...
2024-04-20 13:42:17 - INFO - Connected to websocket server.
2024-04-20 13:42:17 - INFO - Waiting for websocket connection...
2024-04-20 13:42:18 - INFO - Connected to websocket server.
2024-04-20 13:42:18 - INFO - Waiting for websocket connection...
2024-04-20 13:42:19 - INFO - Connected to websocket server.
2024-04-20 13:42:19 - INFO - Waiting for websocket connection...
2024-04-20 13:42:20 - INFO - Connected to websocket server.
2024-04-20 13:42:20 - INFO - Waiting for websocket connection...
2024-04-20 13:42:21 - INFO - Connected to websocket server.
2024-04-20 13:42:21 - INFO - Waiting for websocket connection...
2024-04-20 13:42:22 - INFO - Connected to websocket server.
2024-04-20 13:42:22 - INFO - Waiting for websocket connection...
2024-04-20 13:42:23 - INFO - Connected to websocket server.
2024-04-20 13:42:23 - INFO - Waiting for websocket connection...
2024-04-20 13:42:24 - INFO - Connected to websocket server.
2024-04-20 13:42:24 - INFO - Waiting for websocket connection...
2024-04-20 13:42:26 - INFO - Connected to websocket server.
2024-04-20 13:42:26 - INFO - Waiting for websocket connection...
2024-04-20 13:42:27 - INFO - Connected to websocket server.
2024-04-20 13:42:27 - INFO - Waiting for websocket connection...
2024-04-20 13:42:28 - INFO - Connected to websocket server.
2024-04-20 13:42:28 - INFO - Waiting for websocket connection...
2024-04-20 13:42:29 - INFO - Connected to websocket server.
2024-04-20 13:42:29 - INFO - Waiting for websocket connection...
2024-04-20 13:42:30 - INFO - Connected to websocket server.
2024-04-20 13:42:30 - INFO - Waiting for websocket connection...
2024-04-20 13:42:31 - INFO - Connected to websocket server.
2024-04-20 13:42:31 - INFO - Waiting for websocket connection...
2024-04-20 13:42:32 - INFO - Connected to websocket server.
2024-04-20 13:42:32 - INFO - Waiting for websocket connection...
2024-04-20 13:42:33 - INFO - Connected to websocket server.
2024-04-20 13:42:33 - INFO - Waiting for websocket connection...
2024-04-20 13:42:34 - INFO - Connected to websocket server.
2024-04-20 13:42:34 - INFO - Waiting for websocket connection...
2024-04-20 13:42:35 - INFO - Connected to websocket server.
2024-04-20 13:42:35 - INFO - Waiting for websocket connection...
2024-04-20 13:42:36 - INFO - Connected to websocket server.
2024-04-20 13:42:36 - INFO - Waiting for websocket connection...
2024-04-20 13:42:37 - INFO - Connected to websocket server.
2024-04-20 13:42:37 - INFO - Waiting for websocket connection...
2024-04-20 13:42:38 - INFO - Connected to websocket server.
2024-04-20 13:42:38 - INFO - Waiting for websocket connection...
2024-04-20 13:42:39 - INFO - Connected to websocket server.
2024-04-20 13:42:39 - INFO - Waiting for websocket connection...
2024-04-20 13:42:40 - INFO - Connected to websocket server.
2024-04-20 13:42:40 - INFO - Waiting for websocket connection...
2024-04-20 13:42:41 - INFO - Connected to websocket server.
2024-04-20 13:42:41 - INFO - Waiting for websocket connection...
2024-04-20 13:42:42 - INFO - Connected to websocket server.
2024-04-20 13:42:42 - INFO - Waiting for websocket connection...
2024-04-20 13:42:43 - INFO - Connected to websocket server.
2024-04-20 13:42:43 - INFO - Waiting for websocket connection...
2024-04-20 13:42:44 - INFO - Connected to websocket server.
2024-04-20 13:42:44 - INFO - Waiting for websocket connection...
2024-04-20 13:42:45 - INFO - Connected to websocket server.
2024-04-20 13:42:45 - INFO - Waiting for websocket connection...
2024-04-20 13:42:46 - INFO - Connected to websocket server.
2024-04-20 13:42:46 - INFO - Waiting for websocket connection...
2024-04-20 13:42:47 - INFO - Connected to websocket server.
2024-04-20 13:42:47 - INFO - Waiting for websocket connection...
2024-04-20 13:42:48 - INFO - Connected to websocket server.
2024-04-20 13:42:48 - INFO - Waiting for websocket connection...
2024-04-20 13:42:49 - INFO - Connected to websocket server.
2024-04-20 13:42:49 - INFO - Waiting for websocket connection...
2024-04-20 13:42:50 - INFO - Connected to websocket server.
2024-04-20 13:42:50 - INFO - Waiting for websocket connection...
2024-04-20 13:42:51 - INFO - Connected to websocket server.
2024-04-20 13:42:51 - INFO - Waiting for websocket connection...
2024-04-20 13:42:52 - INFO - Connected to websocket server.
2024-04-20 13:42:52 - INFO - Waiting for websocket connection...
2024-04-20 13:42:53 - INFO - Connected to websocket server.
2024-04-20 13:42:53 - INFO - Waiting for websocket connection...
2024-04-20 13:42:54 - INFO - Connected to websocket server.
2024-04-20 13:42:54 - INFO - Waiting for websocket connection...
2024-04-20 13:42:55 - INFO - Connected to websocket server.
2024-04-20 13:42:55 - INFO - Waiting for websocket connection...
2024-04-20 13:42:56 - INFO - Connected to websocket server.
2024-04-20 13:42:56 - INFO - Waiting for websocket connection...
2024-04-20 13:42:57 - INFO - Received temperature measurement: -16, from country: USA, location: ISB, lt: 2.0, lg:3.0
2024-04-20 13:42:57 - INFO - Putting temperature data into queue
2024-04-20 13:42:57 - INFO - Connected to websocket server.
2024-04-20 13:42:57 - INFO - Waiting for websocket connection...
2024-04-20 13:42:58 - INFO - Connected to websocket server.
2024-04-20 13:42:58 - INFO - Waiting for websocket connection...
2024-04-20 13:42:59 - INFO - Connected to websocket server.
2024-04-20 13:42:59 - INFO - Waiting for websocket connection...
2024-04-20 13:43:00 - INFO - Connected to websocket server.
2024-04-20 13:43:00 - INFO - Waiting for websocket connection...
2024-04-20 13:43:01 - INFO - Connected to websocket server.
2024-04-20 13:43:01 - INFO - Waiting for websocket connection...
2024-04-20 13:43:02 - INFO - Connected to websocket server.
2024-04-20 13:43:02 - INFO - Waiting for websocket connection...
2024-04-20 13:43:03 - INFO - Connected to websocket server.
2024-04-20 13:43:03 - INFO - Waiting for websocket connection...
2024-04-20 13:43:04 - INFO - Connected to websocket server.
2024-04-20 13:43:04 - INFO - Waiting for websocket connection...
2024-04-20 13:43:05 - INFO - Connected to websocket server.
2024-04-20 13:43:05 - INFO - Waiting for websocket connection...
2024-04-20 13:43:06 - INFO - Connected to websocket server.
2024-04-20 13:43:06 - INFO - Waiting for websocket connection...
2024-04-20 13:43:07 - INFO - Connected to websocket server.
2024-04-20 13:43:07 - INFO - Waiting for websocket connection...
2024-04-20 13:43:08 - INFO - Connected to websocket server.
2024-04-20 13:43:08 - INFO - Waiting for websocket connection...
2024-04-20 13:43:09 - INFO - Connected to websocket server.
2024-04-20 13:43:09 - INFO - Waiting for websocket connection...
2024-04-20 13:43:10 - INFO - Connected to websocket server.
2024-04-20 13:43:10 - INFO - Waiting for websocket connection...
2024-04-20 13:43:11 - INFO - Connected to websocket server.
2024-04-20 13:43:11 - INFO - Waiting for websocket connection...
2024-04-20 13:43:12 - INFO - Connected to websocket server.
2024-04-20 13:43:12 - INFO - Waiting for websocket connection...
2024-04-20 13:43:13 - INFO - Connected to websocket server.
2024-04-20 13:43:13 - INFO - Waiting for websocket connection...
2024-04-20 13:43:14 - INFO - Connected to websocket server.
2024-04-20 13:43:14 - INFO - Waiting for websocket connection...
2024-04-20 13:43:15 - INFO - Connected to websocket server.
2024-04-20 13:43:15 - INFO - Waiting for websocket connection...
2024-04-20 13:43:16 - INFO - Connected to websocket server.
2024-04-20 13:43:16 - INFO - Waiting for websocket connection...
2024-04-20 13:43:17 - INFO - Connected to websocket server.
2024-04-20 13:43:17 - INFO - Waiting for websocket connection...
2024-04-20 13:43:18 - INFO - Connected to websocket server.
2024-04-20 13:43:18 - INFO - Waiting for websocket connection...
2024-04-20 13:43:19 - INFO - Connected to websocket server.
2024-04-20 13:43:19 - INFO - Waiting for websocket connection...
2024-04-20 13:43:20 - INFO - Connected to websocket server.
2024-04-20 13:43:20 - INFO - Waiting for websocket connection...
2024-04-20 13:43:21 - INFO - Connected to websocket server.
2024-04-20 13:43:21 - INFO - Waiting for websocket connection...
2024-04-20 13:43:22 - INFO - Connected to websocket server.
2024-04-20 13:43:22 - INFO - Waiting for websocket connection...
2024-04-20 13:43:23 - INFO - Connected to websocket server.
2024-04-20 13:43:23 - INFO - Waiting for websocket connection...
2024-04-20 13:43:24 - INFO - Connected to websocket server.
2024-04-20 13:43:24 - INFO - Waiting for websocket connection...
2024-04-20 13:43:25 - INFO - Connected to websocket server.
2024-04-20 13:43:25 - INFO - Waiting for websocket connection...
2024-04-20 13:43:26 - INFO - Connected to websocket server.
2024-04-20 13:43:26 - INFO - Waiting for websocket connection...
2024-04-20 13:43:27 - INFO - Connected to websocket server.
2024-04-20 13:43:27 - INFO - Waiting for websocket connection...
2024-04-20 13:43:28 - INFO - Connected to websocket server.
2024-04-20 13:43:28 - INFO - Waiting for websocket connection...
2024-04-20 13:43:29 - INFO - Connected to websocket server.
2024-04-20 13:43:29 - INFO - Waiting for websocket connection...
2024-04-20 13:43:30 - INFO - Connected to websocket server.
2024-04-20 13:43:30 - INFO - Waiting for websocket connection...
2024-04-20 13:43:31 - INFO - Connected to websocket server.
2024-04-20 13:43:31 - INFO - Waiting for websocket connection...
2024-04-20 13:43:32 - INFO - Connected to websocket server.
2024-04-20 13:43:32 - INFO - Waiting for websocket connection...
2024-04-20 13:43:33 - INFO - Connected to websocket server.
2024-04-20 13:43:33 - INFO - Waiting for websocket connection...
2024-04-20 13:43:34 - INFO - Connected to websocket server.
2024-04-20 13:43:34 - INFO - Waiting for websocket connection...
2024-04-20 13:43:35 - INFO - Connected to websocket server.
2024-04-20 13:43:35 - INFO - Waiting for websocket connection...
2024-04-20 13:43:36 - INFO - Connected to websocket server.
2024-04-20 13:43:36 - INFO - Waiting for websocket connection...
2024-04-20 13:43:37 - INFO - Connected to websocket server.
2024-04-20 13:43:37 - INFO - Waiting for websocket connection...
2024-04-20 13:43:39 - INFO - Connected to websocket server.
2024-04-20 13:43:39 - INFO - Waiting for websocket connection...
2024-04-20 13:45:10 - INFO - Waiting for websocket connection...
2024-04-20 13:45:11 - ERROR - Error establishing websocket connection: local variable 'ws_connection' referenced before assignment
2024-04-20 13:45:11 - INFO - Waiting for websocket connection...
2024-04-20 13:45:12 - ERROR - Error establishing websocket connection: local variable 'ws_connection' referenced before assignment
2024-04-20 13:45:12 - INFO - Waiting for websocket connection...
2024-04-20 13:45:13 - ERROR - Error establishing websocket connection: local variable 'ws_connection' referenced before assignment
2024-04-20 13:45:13 - INFO - Waiting for websocket connection...
2024-04-20 13:45:14 - ERROR - Error establishing websocket connection: local variable 'ws_connection' referenced before assignment
2024-04-20 13:45:14 - INFO - Waiting for websocket connection...
2024-04-20 13:45:15 - ERROR - Error establishing websocket connection: local variable 'ws_connection' referenced before assignment
2024-04-20 13:45:15 - INFO - Waiting for websocket connection...
2024-04-20 13:45:16 - ERROR - Error establishing websocket connection: local variable 'ws_connection' referenced before assignment
2024-04-20 13:45:16 - INFO - Waiting for websocket connection...
2024-04-20 13:45:17 - ERROR - Error establishing websocket connection: local variable 'ws_connection' referenced before assignment
2024-04-20 13:45:17 - INFO - Waiting for websocket connection...
2024-04-20 13:45:18 - ERROR - Error establishing websocket connection: local variable 'ws_connection' referenced before assignment
2024-04-20 13:45:18 - INFO - Waiting for websocket connection...
2024-04-20 13:45:19 - ERROR - Error establishing websocket connection: local variable 'ws_connection' referenced before assignment
2024-04-20 13:45:19 - INFO - Waiting for websocket connection...
2024-04-20 13:45:20 - ERROR - Error establishing websocket connection: local variable 'ws_connection' referenced before assignment
2024-04-20 13:45:20 - INFO - Waiting for websocket connection...
2024-04-20 13:45:21 - ERROR - Error establishing websocket connection: local variable 'ws_connection' referenced before assignment
2024-04-20 13:45:21 - INFO - Waiting for websocket connection...
2024-04-20 13:45:22 - ERROR - Error establishing websocket connection: local variable 'ws_connection' referenced before assignment
2024-04-20 13:45:22 - INFO - Waiting for websocket connection...
2024-04-20 13:45:23 - ERROR - Error establishing websocket connection: local variable 'ws_connection' referenced before assignment
2024-04-20 13:45:23 - INFO - Waiting for websocket connection...
2024-04-20 13:45:24 - ERROR - Error establishing websocket connection: local variable 'ws_connection' referenced before assignment
2024-04-20 13:45:24 - INFO - Waiting for websocket connection...
2024-04-20 13:45:25 - ERROR - Error establishing websocket connection: local variable 'ws_connection' referenced before assignment
2024-04-20 13:45:25 - INFO - Waiting for websocket connection...
2024-04-20 13:45:26 - ERROR - Error establishing websocket connection: local variable 'ws_connection' referenced before assignment
2024-04-20 13:45:26 - INFO - Waiting for websocket connection...
2024-04-20 13:45:27 - ERROR - Error establishing websocket connection: local variable 'ws_connection' referenced before assignment
2024-04-20 13:45:27 - INFO - Waiting for websocket connection...
2024-04-20 13:45:28 - ERROR - Error establishing websocket connection: local variable 'ws_connection' referenced before assignment
2024-04-20 13:45:28 - INFO - Waiting for websocket connection...
2024-04-20 13:45:29 - ERROR - Error establishing websocket connection: local variable 'ws_connection' referenced before assignment
2024-04-20 13:45:29 - INFO - Waiting for websocket connection...
2024-04-20 13:45:30 - ERROR - Error establishing websocket connection: local variable 'ws_connection' referenced before assignment
2024-04-20 13:45:30 - INFO - Waiting for websocket connection...
2024-04-20 13:45:31 - ERROR - Error establishing websocket connection: local variable 'ws_connection' referenced before assignment
2024-04-20 13:45:31 - INFO - Waiting for websocket connection...
2024-04-20 13:45:32 - ERROR - Error establishing websocket connection: local variable 'ws_connection' referenced before assignment
2024-04-20 13:45:32 - INFO - Waiting for websocket connection...
2024-04-20 13:45:33 - ERROR - Error establishing websocket connection: local variable 'ws_connection' referenced before assignment
2024-04-20 13:45:33 - INFO - Waiting for websocket connection...
2024-04-20 13:45:34 - ERROR - Error establishing websocket connection: local variable 'ws_connection' referenced before assignment
2024-04-20 13:45:34 - INFO - Waiting for websocket connection...
2024-04-20 13:45:35 - ERROR - Error establishing websocket connection: local variable 'ws_connection' referenced before assignment
2024-04-20 13:45:35 - INFO - Waiting for websocket connection...
2024-04-20 13:45:36 - ERROR - Error establishing websocket connection: local variable 'ws_connection' referenced before assignment
2024-04-20 13:45:36 - INFO - Waiting for websocket connection...
2024-04-20 13:45:37 - ERROR - Error establishing websocket connection: local variable 'ws_connection' referenced before assignment
2024-04-20 13:45:37 - INFO - Waiting for websocket connection...
2024-04-20 13:45:38 - ERROR - Error establishing websocket connection: local variable 'ws_connection' referenced before assignment
2024-04-20 13:45:38 - INFO - Waiting for websocket connection...
2024-04-20 13:45:39 - ERROR - Error establishing websocket connection: local variable 'ws_connection' referenced before assignment
2024-04-20 13:45:39 - INFO - Waiting for websocket connection...
2024-04-20 13:45:40 - ERROR - Error establishing websocket connection: local variable 'ws_connection' referenced before assignment
2024-04-20 13:45:40 - INFO - Waiting for websocket connection...
2024-04-20 13:45:41 - ERROR - Error establishing websocket connection: local variable 'ws_connection' referenced before assignment
2024-04-20 13:45:41 - INFO - Waiting for websocket connection...
2024-04-20 13:45:42 - ERROR - Error establishing websocket connection: local variable 'ws_connection' referenced before assignment
2024-04-20 13:45:42 - INFO - Waiting for websocket connection...
2024-04-20 13:45:43 - ERROR - Error establishing websocket connection: local variable 'ws_connection' referenced before assignment
2024-04-20 13:45:43 - INFO - Waiting for websocket connection...
2024-04-20 13:45:44 - ERROR - Error establishing websocket connection: local variable 'ws_connection' referenced before assignment
2024-04-20 13:45:44 - INFO - Waiting for websocket connection...
2024-04-20 13:45:45 - ERROR - Error establishing websocket connection: local variable 'ws_connection' referenced before assignment
2024-04-20 13:45:45 - INFO - Waiting for websocket connection...
2024-04-20 13:45:46 - ERROR - Error establishing websocket connection: local variable 'ws_connection' referenced before assignment
2024-04-20 13:45:46 - INFO - Waiting for websocket connection...
2024-04-20 13:45:47 - ERROR - Error establishing websocket connection: local variable 'ws_connection' referenced before assignment
2024-04-20 13:45:47 - INFO - Waiting for websocket connection...
2024-04-20 13:45:48 - ERROR - Error establishing websocket connection: local variable 'ws_connection' referenced before assignment
2024-04-20 13:45:48 - INFO - Waiting for websocket connection...
2024-04-20 13:45:49 - ERROR - Error establishing websocket connection: local variable 'ws_connection' referenced before assignment
2024-04-20 13:45:49 - INFO - Waiting for websocket connection...
2024-04-20 13:45:50 - ERROR - Error establishing websocket connection: local variable 'ws_connection' referenced before assignment
2024-04-20 13:45:50 - INFO - Waiting for websocket connection...
2024-04-20 13:45:51 - ERROR - Error establishing websocket connection: local variable 'ws_connection' referenced before assignment
2024-04-20 13:45:51 - INFO - Waiting for websocket connection...
2024-04-20 13:45:52 - ERROR - Error establishing websocket connection: local variable 'ws_connection' referenced before assignment
2024-04-20 13:45:52 - INFO - Waiting for websocket connection...
2024-04-20 13:45:53 - ERROR - Error establishing websocket connection: local variable 'ws_connection' referenced before assignment
2024-04-20 13:45:53 - INFO - Waiting for websocket connection...
2024-04-20 13:45:54 - ERROR - Error establishing websocket connection: local variable 'ws_connection' referenced before assignment
2024-04-20 13:45:54 - INFO - Waiting for websocket connection...
2024-04-20 13:45:55 - ERROR - Error establishing websocket connection: local variable 'ws_connection' referenced before assignment
2024-04-20 13:45:55 - INFO - Waiting for websocket connection...
2024-04-20 13:45:56 - ERROR - Error establishing websocket connection: local variable 'ws_connection' referenced before assignment
2024-04-20 13:45:56 - INFO - Waiting for websocket connection...
2024-04-20 13:45:56 - INFO - Received temperature measurement: -1, from country: USA, location: ISB, lt: 2.0, lg:3.0
2024-04-20 13:45:56 - INFO - Putting temperature data into queue
2024-04-20 13:45:57 - ERROR - Error establishing websocket connection: local variable 'ws_connection' referenced before assignment
2024-04-20 13:45:57 - INFO - Waiting for websocket connection...
2024-04-20 13:45:58 - ERROR - Error establishing websocket connection: local variable 'ws_connection' referenced before assignment
2024-04-20 13:45:58 - INFO - Waiting for websocket connection...
2024-04-20 13:45:59 - ERROR - Error establishing websocket connection: local variable 'ws_connection' referenced before assignment
2024-04-20 13:45:59 - INFO - Waiting for websocket connection...
2024-04-20 13:46:00 - ERROR - Error establishing websocket connection: local variable 'ws_connection' referenced before assignment
2024-04-20 13:46:00 - INFO - Waiting for websocket connection...
2024-04-20 13:46:01 - ERROR - Error establishing websocket connection: local variable 'ws_connection' referenced before assignment
2024-04-20 13:46:01 - INFO - Waiting for websocket connection...
2024-04-20 13:46:02 - ERROR - Error establishing websocket connection: local variable 'ws_connection' referenced before assignment
2024-04-20 13:46:02 - INFO - Waiting for websocket connection...
2024-04-20 13:46:03 - ERROR - Error establishing websocket connection: local variable 'ws_connection' referenced before assignment
2024-04-20 13:46:03 - INFO - Waiting for websocket connection...
2024-04-20 13:46:04 - ERROR - Error establishing websocket connection: local variable 'ws_connection' referenced before assignment
2024-04-20 13:46:04 - INFO - Waiting for websocket connection...
2024-04-20 13:46:05 - ERROR - Error establishing websocket connection: local variable 'ws_connection' referenced before assignment
2024-04-20 13:46:05 - INFO - Waiting for websocket connection...
2024-04-20 13:46:06 - ERROR - Error establishing websocket connection: local variable 'ws_connection' referenced before assignment
2024-04-20 13:46:06 - INFO - Waiting for websocket connection...
2024-04-20 13:46:07 - ERROR - Error establishing websocket connection: local variable 'ws_connection' referenced before assignment
2024-04-20 13:46:07 - INFO - Waiting for websocket connection...
2024-04-20 13:46:08 - ERROR - Error establishing websocket connection: local variable 'ws_connection' referenced before assignment
2024-04-20 13:46:08 - INFO - Waiting for websocket connection...
2024-04-20 13:46:09 - ERROR - Error establishing websocket connection: local variable 'ws_connection' referenced before assignment
2024-04-20 13:46:09 - INFO - Waiting for websocket connection...
2024-04-20 13:46:10 - ERROR - Error establishing websocket connection: local variable 'ws_connection' referenced before assignment
2024-04-20 13:46:10 - INFO - Waiting for websocket connection...
2024-04-20 13:46:11 - ERROR - Error establishing websocket connection: local variable 'ws_connection' referenced before assignment
2024-04-20 13:46:11 - INFO - Waiting for websocket connection...
2024-04-20 13:46:12 - ERROR - Error establishing websocket connection: local variable 'ws_connection' referenced before assignment
2024-04-20 13:46:12 - INFO - Waiting for websocket connection...
2024-04-20 13:46:13 - ERROR - Error establishing websocket connection: local variable 'ws_connection' referenced before assignment
2024-04-20 13:46:13 - INFO - Waiting for websocket connection...
2024-04-20 13:46:14 - ERROR - Error establishing websocket connection: local variable 'ws_connection' referenced before assignment
2024-04-20 13:46:14 - INFO - Waiting for websocket connection...
2024-04-20 13:46:16 - ERROR - Error establishing websocket connection: local variable 'ws_connection' referenced before assignment
2024-04-20 13:46:16 - INFO - Waiting for websocket connection...
2024-04-20 13:46:17 - ERROR - Error establishing websocket connection: local variable 'ws_connection' referenced before assignment
2024-04-20 13:46:17 - INFO - Waiting for websocket connection...
2024-04-20 13:46:18 - ERROR - Error establishing websocket connection: local variable 'ws_connection' referenced before assignment
2024-04-20 13:46:18 - INFO - Waiting for websocket connection...
2024-04-20 13:46:19 - ERROR - Error establishing websocket connection: local variable 'ws_connection' referenced before assignment
2024-04-20 13:46:19 - INFO - Waiting for websocket connection...
2024-04-20 13:46:20 - ERROR - Error establishing websocket connection: local variable 'ws_connection' referenced before assignment
2024-04-20 13:46:20 - INFO - Waiting for websocket connection...
2024-04-20 13:46:21 - ERROR - Error establishing websocket connection: local variable 'ws_connection' referenced before assignment
2024-04-20 13:46:21 - INFO - Waiting for websocket connection...
2024-04-20 13:46:22 - ERROR - Error establishing websocket connection: local variable 'ws_connection' referenced before assignment
2024-04-20 13:46:22 - INFO - Waiting for websocket connection...
2024-04-20 13:46:23 - ERROR - Error establishing websocket connection: local variable 'ws_connection' referenced before assignment
2024-04-20 13:46:23 - INFO - Waiting for websocket connection...
2024-04-20 13:46:24 - ERROR - Error establishing websocket connection: local variable 'ws_connection' referenced before assignment
2024-04-20 13:46:24 - INFO - Waiting for websocket connection...
2024-04-20 13:46:25 - ERROR - Error establishing websocket connection: local variable 'ws_connection' referenced before assignment
2024-04-20 13:46:25 - INFO - Waiting for websocket connection...
2024-04-20 13:47:14 - INFO - Waiting for websocket connection...
2024-04-20 13:47:15 - ERROR - Error establishing websocket connection: local variable 'ws_connection' referenced before assignment
2024-04-20 13:47:15 - INFO - Waiting for websocket connection...
2024-04-20 13:47:16 - ERROR - Error establishing websocket connection: local variable 'ws_connection' referenced before assignment
2024-04-20 13:47:16 - INFO - Waiting for websocket connection...
2024-04-20 13:47:17 - ERROR - Error establishing websocket connection: local variable 'ws_connection' referenced before assignment
2024-04-20 13:47:17 - INFO - Waiting for websocket connection...
2024-04-20 13:47:18 - ERROR - Error establishing websocket connection: local variable 'ws_connection' referenced before assignment
2024-04-20 13:47:18 - INFO - Waiting for websocket connection...
2024-04-20 13:47:19 - ERROR - Error establishing websocket connection: local variable 'ws_connection' referenced before assignment
2024-04-20 13:47:19 - INFO - Waiting for websocket connection...
2024-04-20 13:47:20 - ERROR - Error establishing websocket connection: local variable 'ws_connection' referenced before assignment
2024-04-20 13:47:20 - INFO - Waiting for websocket connection...
2024-04-20 13:47:21 - ERROR - Error establishing websocket connection: local variable 'ws_connection' referenced before assignment
2024-04-20 13:47:21 - INFO - Waiting for websocket connection...
2024-04-20 13:47:22 - ERROR - Error establishing websocket connection: local variable 'ws_connection' referenced before assignment
2024-04-20 13:47:22 - INFO - Waiting for websocket connection...
2024-04-20 13:47:23 - ERROR - Error establishing websocket connection: local variable 'ws_connection' referenced before assignment
2024-04-20 13:47:23 - INFO - Waiting for websocket connection...
2024-04-20 13:47:24 - ERROR - Error establishing websocket connection: local variable 'ws_connection' referenced before assignment
2024-04-20 13:47:24 - INFO - Waiting for websocket connection...
2024-04-20 13:47:25 - ERROR - Error establishing websocket connection: local variable 'ws_connection' referenced before assignment
2024-04-20 13:47:25 - INFO - Waiting for websocket connection...
2024-04-20 13:47:26 - ERROR - Error establishing websocket connection: local variable 'ws_connection' referenced before assignment
2024-04-20 13:47:26 - INFO - Waiting for websocket connection...
2024-04-20 13:47:27 - ERROR - Error establishing websocket connection: local variable 'ws_connection' referenced before assignment
2024-04-20 13:47:27 - INFO - Waiting for websocket connection...
2024-04-20 13:47:28 - ERROR - Error establishing websocket connection: local variable 'ws_connection' referenced before assignment
2024-04-20 13:47:28 - INFO - Waiting for websocket connection...
2024-04-20 13:47:29 - ERROR - Error establishing websocket connection: local variable 'ws_connection' referenced before assignment
2024-04-20 13:47:29 - INFO - Waiting for websocket connection...
2024-04-20 13:47:30 - ERROR - Error establishing websocket connection: local variable 'ws_connection' referenced before assignment
2024-04-20 13:47:30 - INFO - Waiting for websocket connection...
2024-04-20 13:47:31 - ERROR - Error establishing websocket connection: local variable 'ws_connection' referenced before assignment
2024-04-20 13:47:31 - INFO - Waiting for websocket connection...
2024-04-20 13:47:32 - ERROR - Error establishing websocket connection: local variable 'ws_connection' referenced before assignment
2024-04-20 13:47:32 - INFO - Waiting for websocket connection...
2024-04-20 13:47:33 - ERROR - Error establishing websocket connection: local variable 'ws_connection' referenced before assignment
2024-04-20 13:47:33 - INFO - Waiting for websocket connection...
2024-04-20 13:47:34 - ERROR - Error establishing websocket connection: local variable 'ws_connection' referenced before assignment
2024-04-20 13:47:34 - INFO - Waiting for websocket connection...
2024-04-20 13:47:35 - ERROR - Error establishing websocket connection: local variable 'ws_connection' referenced before assignment
2024-04-20 13:47:35 - INFO - Waiting for websocket connection...
2024-04-20 13:47:36 - ERROR - Error establishing websocket connection: local variable 'ws_connection' referenced before assignment
2024-04-20 13:47:36 - INFO - Waiting for websocket connection...
2024-04-20 13:47:37 - ERROR - Error establishing websocket connection: local variable 'ws_connection' referenced before assignment
2024-04-20 13:47:37 - INFO - Waiting for websocket connection...
2024-04-20 13:47:38 - ERROR - Error establishing websocket connection: local variable 'ws_connection' referenced before assignment
2024-04-20 13:47:38 - INFO - Waiting for websocket connection...
2024-04-20 13:47:39 - ERROR - Error establishing websocket connection: local variable 'ws_connection' referenced before assignment
2024-04-20 13:47:39 - INFO - Waiting for websocket connection...
2024-04-20 13:47:40 - ERROR - Error establishing websocket connection: local variable 'ws_connection' referenced before assignment
2024-04-20 13:47:40 - INFO - Waiting for websocket connection...
2024-04-20 13:47:41 - ERROR - Error establishing websocket connection: local variable 'ws_connection' referenced before assignment
2024-04-20 13:47:41 - INFO - Waiting for websocket connection...
2024-04-20 13:47:42 - ERROR - Error establishing websocket connection: local variable 'ws_connection' referenced before assignment
2024-04-20 13:47:42 - INFO - Waiting for websocket connection...
2024-04-20 13:47:43 - ERROR - Error establishing websocket connection: local variable 'ws_connection' referenced before assignment
2024-04-20 13:47:43 - INFO - Waiting for websocket connection...
2024-04-20 13:47:44 - ERROR - Error establishing websocket connection: local variable 'ws_connection' referenced before assignment
2024-04-20 13:47:44 - INFO - Waiting for websocket connection...
2024-04-20 13:47:45 - ERROR - Error establishing websocket connection: local variable 'ws_connection' referenced before assignment
2024-04-20 13:47:45 - INFO - Waiting for websocket connection...
2024-04-20 13:47:46 - ERROR - Error establishing websocket connection: local variable 'ws_connection' referenced before assignment
2024-04-20 13:47:46 - INFO - Waiting for websocket connection...
2024-04-20 13:47:47 - ERROR - Error establishing websocket connection: local variable 'ws_connection' referenced before assignment
2024-04-20 13:47:47 - INFO - Waiting for websocket connection...
2024-04-20 13:47:48 - ERROR - Error establishing websocket connection: local variable 'ws_connection' referenced before assignment
2024-04-20 13:47:48 - INFO - Waiting for websocket connection...
2024-04-20 13:47:49 - ERROR - Error establishing websocket connection: local variable 'ws_connection' referenced before assignment
2024-04-20 13:47:49 - INFO - Waiting for websocket connection...
2024-04-20 13:47:50 - ERROR - Error establishing websocket connection: local variable 'ws_connection' referenced before assignment
2024-04-20 13:47:50 - INFO - Waiting for websocket connection...
2024-04-20 13:47:51 - ERROR - Error establishing websocket connection: local variable 'ws_connection' referenced before assignment
2024-04-20 13:47:51 - INFO - Waiting for websocket connection...
2024-04-20 13:49:24 - INFO - Waiting for websocket connection...
2024-04-20 13:49:24 - INFO - Connected to websocket server.
2024-04-20 13:49:50 - INFO - Received temperature measurement: -1, from country: USA, location: ISB, lt: 2.0, lg:3.0
2024-04-20 13:49:50 - INFO - Putting temperature data into queue
2024-04-20 13:49:51 - INFO - Temperature data sent via websocket.
2024-04-20 13:50:49 - INFO - Received temperature measurement: -50, from country: USA, location: ISB, lt: 2.0, lg:3.0
2024-04-20 13:50:49 - INFO - Putting temperature data into queue
2024-04-20 13:50:49 - INFO - Temperature data sent via websocket.
2024-04-20 13:51:49 - INFO - Received temperature measurement: 25, from country: USA, location: ISB, lt: 2.0, lg:3.0
2024-04-20 13:51:49 - INFO - Putting temperature data into queue
2024-04-20 13:51:50 - ERROR - Error sending temperature data via websocket: [WinError 10053] An established connection was aborted by the software in your host machine
2024-04-20 13:52:49 - INFO - Received temperature measurement: 12, from country: USA, location: ISB, lt: 2.0, lg:3.0
2024-04-20 13:52:49 - INFO - Putting temperature data into queue
2024-04-20 13:52:49 - ERROR - Error sending temperature data via websocket: [WinError 10053] An established connection was aborted by the software in your host machine
2024-04-20 13:53:49 - INFO - Received temperature measurement: 7, from country: USA, location: ISB, lt: 2.0, lg:3.0
2024-04-20 13:53:49 - INFO - Putting temperature data into queue
2024-04-20 13:53:49 - ERROR - Error sending temperature data via websocket: [WinError 10053] An established connection was aborted by the software in your host machine
2024-04-20 13:54:48 - INFO - Received temperature measurement: 21, from country: USA, location: ISB, lt: 2.0, lg:3.0
2024-04-20 13:54:48 - INFO - Putting temperature data into queue
2024-04-20 13:54:49 - ERROR - Error sending temperature data via websocket: [WinError 10053] An established connection was aborted by the software in your host machine
2024-04-20 13:55:49 - INFO - Received temperature measurement: -3, from country: USA, location: ISB, lt: 2.0, lg:3.0
2024-04-20 13:55:49 - INFO - Putting temperature data into queue
2024-04-20 13:55:50 - ERROR - Error sending temperature data via websocket: [WinError 10053] An established connection was aborted by the software in your host machine
2024-04-20 13:56:49 - INFO - Received temperature measurement: -19, from country: USA, location: ISB, lt: 2.0, lg:3.0
2024-04-20 13:56:49 - INFO - Putting temperature data into queue
2024-04-20 13:56:49 - ERROR - Error sending temperature data via websocket: [WinError 10053] An established connection was aborted by the software in your host machine
2024-04-20 13:57:49 - INFO - Received temperature measurement: -25, from country: USA, location: ISB, lt: 2.0, lg:3.0
2024-04-20 13:57:49 - INFO - Putting temperature data into queue
2024-04-20 13:57:50 - ERROR - Error sending temperature data via websocket: [WinError 10053] An established connection was aborted by the software in your host machine
2024-04-20 13:58:39 - INFO - C:\Users\murva\Documents\husham\distributed systems LUT\ds-temperature\temperature-collector\temperature_monitoring\temperature_collector\views.py changed, reloading.
2024-04-20 13:58:40 - INFO - Waiting for websocket connection...
2024-04-20 13:58:40 - INFO - Connected to websocket server.
2024-04-20 13:58:49 - INFO - Received temperature measurement: -44, from country: USA, location: ISB, lt: 2.0, lg:3.0
2024-04-20 13:58:49 - INFO - Putting temperature data into queue
2024-04-20 13:58:49 - INFO - Temperature data sent via websocket.
2024-04-20 13:59:49 - INFO - Received temperature measurement: 27, from country: USA, location: ISB, lt: 2.0, lg:3.0
2024-04-20 13:59:49 - INFO - Putting temperature data into queue
2024-04-20 13:59:49 - INFO - Temperature data sent via websocket.
2024-04-20 14:00:49 - INFO - Received temperature measurement: -50, from country: USA, location: ISB, lt: 2.0, lg:3.0
2024-04-20 14:00:49 - INFO - Putting temperature data into queue
2024-04-20 14:00:49 - INFO - Temperature data sent via websocket.
2024-04-20 14:01:49 - INFO - Received temperature measurement: -6, from country: USA, location: ISB, lt: 2.0, lg:3.0
2024-04-20 14:01:49 - INFO - Putting temperature data into queue
2024-04-20 14:01:49 - INFO - Temperature data sent via websocket.
2024-04-20 14:02:49 - INFO - Received temperature measurement: -30, from country: USA, location: ISB, lt: 2.0, lg:3.0
2024-04-20 14:02:49 - INFO - Putting temperature data into queue
2024-04-20 14:02:49 - ERROR - Error sending temperature data via websocket: [WinError 10053] An established connection was aborted by the software in your host machine
2024-04-20 14:02:49 - INFO - Connected to websocket server.
2024-04-20 14:03:49 - INFO - Received temperature measurement: -48, from country: USA, location: ISB, lt: 2.0, lg:3.0
2024-04-20 14:03:49 - INFO - Putting temperature data into queue
2024-04-20 14:03:49 - ERROR - Error sending temperature data via websocket: [WinError 10054] An existing connection was forcibly closed by the remote host
2024-04-20 14:03:49 - INFO - Connected to websocket server.
2024-04-20 14:04:49 - INFO - Received temperature measurement: -21, from country: USA, location: ISB, lt: 2.0, lg:3.0
2024-04-20 14:04:49 - INFO - Putting temperature data into queue
2024-04-20 14:04:49 - ERROR - Error sending temperature data via websocket: [WinError 10054] An existing connection was forcibly closed by the remote host
2024-04-20 14:04:49 - INFO - Connected to websocket server.
2024-04-20 14:05:49 - INFO - Received temperature measurement: 37, from country: USA, location: ISB, lt: 2.0, lg:3.0
2024-04-20 14:05:49 - INFO - Putting temperature data into queue
2024-04-20 14:05:49 - ERROR - Error sending temperature data via websocket: [WinError 10054] An existing connection was forcibly closed by the remote host
2024-04-20 14:05:49 - INFO - Connected to websocket server.
2024-04-20 14:06:49 - INFO - Received temperature measurement: -17, from country: USA, location: ISB, lt: 2.0, lg:3.0
2024-04-20 14:06:49 - INFO - Putting temperature data into queue
2024-04-20 14:06:49 - INFO - Temperature data sent via websocket.
2024-04-20 14:07:49 - INFO - Received temperature measurement: 18, from country: USA, location: ISB, lt: 2.0, lg:3.0
2024-04-20 14:07:49 - INFO - Putting temperature data into queue
2024-04-20 14:07:49 - INFO - Temperature data sent via websocket.
2024-04-20 14:08:49 - INFO - Received temperature measurement: 9, from country: USA, location: ISB, lt: 2.0, lg:3.0
2024-04-20 14:08:49 - INFO - Putting temperature data into queue
2024-04-20 14:08:49 - INFO - Temperature data sent via websocket.
2024-04-20 14:09:49 - INFO - Received temperature measurement: -33, from country: USA, location: ISB, lt: 2.0, lg:3.0
2024-04-20 14:09:49 - INFO - Putting temperature data into queue
2024-04-20 14:09:49 - ERROR - Error sending temperature data via websocket: [WinError 10053] An established connection was aborted by the software in your host machine
2024-04-20 14:09:49 - INFO - Connected to websocket server.
2024-04-20 14:10:49 - INFO - Received temperature measurement: -43, from country: USA, location: ISB, lt: 2.0, lg:3.0
2024-04-20 14:10:49 - INFO - Putting temperature data into queue
2024-04-20 14:10:49 - INFO - Temperature data sent via websocket.
2024-04-20 14:11:49 - INFO - Received temperature measurement: 4, from country: USA, location: ISB, lt: 2.0, lg:3.0
2024-04-20 14:11:49 - INFO - Putting temperature data into queue
2024-04-20 14:11:49 - INFO - Temperature data sent via websocket.
2024-04-20 14:12:49 - INFO - Received temperature measurement: 41, from country: USA, location: ISB, lt: 2.0, lg:3.0
2024-04-20 14:12:49 - INFO - Putting temperature data into queue
2024-04-20 14:12:50 - INFO - Temperature data sent via websocket.
2024-04-20 14:13:49 - INFO - Received temperature measurement: 42, from country: USA, location: ISB, lt: 2.0, lg:3.0
2024-04-20 14:13:49 - INFO - Putting temperature data into queue
2024-04-20 14:13:49 - INFO - Temperature data sent via websocket.
2024-04-20 14:14:49 - INFO - Received temperature measurement: 41, from country: USA, location: ISB, lt: 2.0, lg:3.0
2024-04-20 14:14:49 - INFO - Putting temperature data into queue
2024-04-20 14:14:50 - ERROR - Error sending temperature data via websocket: [WinError 10053] An established connection was aborted by the software in your host machine
2024-04-20 14:14:50 - INFO - Connected to websocket server.
2024-04-20 14:15:49 - INFO - Received temperature measurement: -5, from country: USA, location: ISB, lt: 2.0, lg:3.0
2024-04-20 14:15:49 - INFO - Putting temperature data into queue
2024-04-20 14:15:49 - INFO - Temperature data sent via websocket.
2024-04-20 14:16:49 - INFO - Received temperature measurement: -18, from country: USA, location: ISB, lt: 2.0, lg:3.0
2024-04-20 14:16:49 - INFO - Putting temperature data into queue
2024-04-20 14:16:49 - INFO - Temperature data sent via websocket.
2024-04-20 14:17:49 - INFO - Received temperature measurement: 4, from country: USA, location: ISB, lt: 2.0, lg:3.0
2024-04-20 14:17:49 - INFO - Putting temperature data into queue
2024-04-20 14:17:49 - INFO - Temperature data sent via websocket.
2024-04-20 14:18:49 - INFO - Received temperature measurement: -1, from country: USA, location: ISB, lt: 2.0, lg:3.0
2024-04-20 14:18:49 - INFO - Putting temperature data into queue
2024-04-20 14:18:49 - INFO - Temperature data sent via websocket.
2024-04-20 14:19:49 - INFO - Received temperature measurement: -31, from country: USA, location: ISB, lt: 2.0, lg:3.0
2024-04-20 14:19:49 - INFO - Putting temperature data into queue
2024-04-20 14:19:49 - ERROR - Error sending temperature data via websocket: [WinError 10053] An established connection was aborted by the software in your host machine
2024-04-20 14:19:49 - INFO - Connected to websocket server.
2024-04-20 14:20:49 - INFO - Received temperature measurement: 3, from country: USA, location: ISB, lt: 2.0, lg:3.0
2024-04-20 14:20:49 - INFO - Putting temperature data into queue
2024-04-20 14:20:49 - INFO - Temperature data sent via websocket.
2024-04-20 14:21:49 - INFO - Received temperature measurement: 27, from country: USA, location: ISB, lt: 2.0, lg:3.0
2024-04-20 14:21:49 - INFO - Putting temperature data into queue
2024-04-20 14:21:50 - INFO - Temperature data sent via websocket.
2024-04-20 14:22:49 - INFO - Received temperature measurement: 26, from country: USA, location: ISB, lt: 2.0, lg:3.0
2024-04-20 14:22:49 - INFO - Putting temperature data into queue
2024-04-20 14:22:49 - INFO - Temperature data sent via websocket.
2024-04-20 14:23:49 - INFO - Received temperature measurement: 41, from country: USA, location: ISB, lt: 2.0, lg:3.0
2024-04-20 14:23:49 - INFO - Putting temperature data into queue
2024-04-20 14:23:49 - INFO - Temperature data sent via websocket.
2024-04-20 14:24:49 - INFO - Received temperature measurement: 7, from country: USA, location: ISB, lt: 2.0, lg:3.0
2024-04-20 14:24:49 - INFO - Putting temperature data into queue
2024-04-20 14:24:50 - ERROR - Error sending temperature data via websocket: [WinError 10053] An established connection was aborted by the software in your host machine
2024-04-20 14:24:50 - INFO - Connected to websocket server.
2024-04-20 14:25:49 - INFO - Received temperature measurement: 21, from country: USA, location: ISB, lt: 2.0, lg:3.0
2024-04-20 14:25:49 - INFO - Putting temperature data into queue
2024-04-20 14:25:49 - INFO - Temperature data sent via websocket.
2024-04-20 14:26:50 - INFO - Received temperature measurement: -1, from country: USA, location: ISB, lt: 2.0, lg:3.0
2024-04-20 14:26:50 - INFO - Putting temperature data into queue
2024-04-20 14:26:50 - INFO - Temperature data sent via websocket.
2024-04-20 14:27:49 - INFO - Received temperature measurement: 45, from country: USA, location: ISB, lt: 2.0, lg:3.0
2024-04-20 14:27:49 - INFO - Putting temperature data into queue
2024-04-20 14:27:49 - INFO - Temperature data sent via websocket.
2024-04-20 14:28:49 - INFO - Received temperature measurement: -26, from country: USA, location: ISB, lt: 2.0, lg:3.0
2024-04-20 14:28:49 - INFO - Putting temperature data into queue
2024-04-20 14:28:49 - INFO - Temperature data sent via websocket.
2024-04-20 14:29:49 - INFO - Received temperature measurement: -8, from country: USA, location: ISB, lt: 2.0, lg:3.0
2024-04-20 14:29:49 - INFO - Putting temperature data into queue
2024-04-20 14:29:49 - ERROR - Error sending temperature data via websocket: [WinError 10053] An established connection was aborted by the software in your host machine
2024-04-20 14:29:49 - INFO - Connected to websocket server.
2024-04-20 14:30:49 - INFO - Received temperature measurement: 0, from country: USA, location: ISB, lt: 2.0, lg:3.0
2024-04-20 14:30:49 - INFO - Putting temperature data into queue
2024-04-20 14:30:49 - INFO - Temperature data sent via websocket.
2024-04-20 14:31:50 - INFO - Received temperature measurement: 37, from country: USA, location: ISB, lt: 2.0, lg:3.0
2024-04-20 14:31:50 - INFO - Putting temperature data into queue
2024-04-20 14:31:50 - INFO - Temperature data sent via websocket.
2024-04-20 14:32:49 - INFO - Received temperature measurement: 28, from country: USA, location: ISB, lt: 2.0, lg:3.0
2024-04-20 14:32:49 - INFO - Putting temperature data into queue
2024-04-20 14:32:49 - INFO - Temperature data sent via websocket.
2024-04-20 14:33:49 - INFO - Received temperature measurement: -46, from country: USA, location: ISB, lt: 2.0, lg:3.0
2024-04-20 14:33:49 - INFO - Putting temperature data into queue
2024-04-20 14:33:49 - INFO - Temperature data sent via websocket.
2024-04-20 14:34:49 - INFO - Received temperature measurement: 34, from country: USA, location: ISB, lt: 2.0, lg:3.0
2024-04-20 14:34:49 - INFO - Putting temperature data into queue
2024-04-20 14:34:49 - ERROR - Error sending temperature data via websocket: [WinError 10053] An established connection was aborted by the software in your host machine
2024-04-20 14:34:49 - INFO - Connected to websocket server.
2024-04-20 14:35:49 - INFO - Received temperature measurement: -19, from country: USA, location: ISB, lt: 2.0, lg:3.0
2024-04-20 14:35:49 - INFO - Putting temperature data into queue
2024-04-20 14:35:49 - INFO - Temperature data sent via websocket.
2024-04-20 14:36:50 - INFO - Received temperature measurement: -30, from country: USA, location: ISB, lt: 2.0, lg:3.0
2024-04-20 14:36:50 - INFO - Putting temperature data into queue
2024-04-20 14:36:50 - INFO - Temperature data sent via websocket.
2024-04-20 14:37:49 - INFO - Received temperature measurement: 3, from country: USA, location: ISB, lt: 2.0, lg:3.0
2024-04-20 14:37:49 - INFO - Putting temperature data into queue
2024-04-20 14:37:49 - INFO - Temperature data sent via websocket.
2024-04-20 14:38:49 - INFO - Received temperature measurement: -45, from country: USA, location: ISB, lt: 2.0, lg:3.0
2024-04-20 14:38:49 - INFO - Putting temperature data into queue
2024-04-20 14:38:49 - INFO - Temperature data sent via websocket.
2024-04-20 14:39:49 - INFO - Received temperature measurement: -24, from country: USA, location: ISB, lt: 2.0, lg:3.0
2024-04-20 14:39:49 - INFO - Putting temperature data into queue
2024-04-20 14:39:49 - ERROR - Error sending temperature data via websocket: [WinError 10053] An established connection was aborted by the software in your host machine
2024-04-20 14:39:49 - INFO - Connected to websocket server.
2024-04-20 14:40:49 - INFO - Received temperature measurement: -26, from country: USA, location: ISB, lt: 2.0, lg:3.0
2024-04-20 14:40:49 - INFO - Putting temperature data into queue
2024-04-20 14:40:50 - INFO - Temperature data sent via websocket.
2024-04-20 14:41:50 - INFO - Received temperature measurement: 43, from country: USA, location: ISB, lt: 2.0, lg:3.0
2024-04-20 14:41:50 - INFO - Putting temperature data into queue
2024-04-20 14:41:50 - ERROR - Error sending temperature data via websocket: [WinError 10054] An existing connection was forcibly closed by the remote host
2024-04-20 14:41:50 - INFO - Connected to websocket server.
2024-04-20 14:42:49 - INFO - Received temperature measurement: -38, from country: USA, location: ISB, lt: 2.0, lg:3.0
2024-04-20 14:42:49 - INFO - Putting temperature data into queue
2024-04-20 14:42:50 - INFO - Temperature data sent via websocket.
2024-04-20 14:43:49 - INFO - Received temperature measurement: 17, from country: USA, location: ISB, lt: 2.0, lg:3.0
2024-04-20 14:43:49 - INFO - Putting temperature data into queue
2024-04-20 14:43:50 - INFO - Temperature data sent via websocket.
2024-04-20 14:44:49 - INFO - Received temperature measurement: -41, from country: USA, location: ISB, lt: 2.0, lg:3.0
2024-04-20 14:44:49 - INFO - Putting temperature data into queue
2024-04-20 14:44:50 - INFO - Temperature data sent via websocket.
2024-04-20 14:45:49 - INFO - Received temperature measurement: -40, from country: USA, location: ISB, lt: 2.0, lg:3.0
2024-04-20 14:45:49 - INFO - Putting temperature data into queue
2024-04-20 14:45:50 - INFO - Temperature data sent via websocket.
2024-04-20 14:46:49 - INFO - Received temperature measurement: -43, from country: USA, location: ISB, lt: 2.0, lg:3.0
2024-04-20 14:46:49 - INFO - Putting temperature data into queue
2024-04-20 14:46:50 - ERROR - Error sending temperature data via websocket: [WinError 10053] An established connection was aborted by the software in your host machine
2024-04-20 15:01:37 - INFO - Waiting for websocket connection...
2024-04-20 15:01:41 - ERROR - Failed to connect to websocket server: [WinError 10061] No connection could be made because the target machine actively refused it
2024-04-20 15:01:41 - INFO - Retrying connection in 20 seconds...
2024-04-20 15:01:42 - ERROR - Failed to connect to websocket server: [WinError 10061] No connection could be made because the target machine actively refused it
2024-04-20 15:01:42 - INFO - Retrying connection in 20 seconds...
2024-04-20 15:01:55 - INFO - Received temperature measurement: -37, from country: USA, location: ISB, lt: 2.0, lg:3.0
2024-04-20 15:01:55 - INFO - Putting temperature data into queue
2024-04-20 15:02:05 - ERROR - Failed to connect to websocket server: [WinError 10061] No connection could be made because the target machine actively refused it
2024-04-20 15:02:05 - INFO - Retrying connection in 20 seconds...
2024-04-20 15:02:06 - ERROR - Failed to connect to websocket server: [WinError 10061] No connection could be made because the target machine actively refused it
2024-04-20 15:02:06 - INFO - Retrying connection in 20 seconds...
2024-04-20 15:02:25 - INFO - Connected to websocket server.
2024-04-20 15:02:26 - INFO - Temperature data sent via websocket.
2024-04-20 15:02:53 - INFO - Received temperature measurement: 45, from country: USA, location: ISB, lt: 2.0, lg:3.0
2024-04-20 15:02:53 - INFO - Putting temperature data into queue
2024-04-20 15:02:54 - INFO - Temperature data sent via websocket.
2024-04-20 15:03:54 - INFO - Received temperature measurement: -14, from country: USA, location: ISB, lt: 2.0, lg:3.0
2024-04-20 15:03:54 - INFO - Putting temperature data into queue
2024-04-20 15:03:54 - INFO - Temperature data sent via websocket.
2024-04-20 15:04:53 - INFO - Received temperature measurement: -22, from country: USA, location: ISB, lt: 2.0, lg:3.0
2024-04-20 15:04:53 - INFO - Putting temperature data into queue
2024-04-20 15:04:54 - INFO - Temperature data sent via websocket.
2024-04-20 15:05:54 - INFO - Received temperature measurement: 41, from country: USA, location: ISB, lt: 2.0, lg:3.0
2024-04-20 15:05:54 - INFO - Putting temperature data into queue
2024-04-20 15:05:54 - INFO - Temperature data sent via websocket.
2024-04-20 15:06:53 - INFO - Received temperature measurement: 0, from country: USA, location: ISB, lt: 2.0, lg:3.0
2024-04-20 15:06:53 - INFO - Putting temperature data into queue
2024-04-20 15:06:54 - INFO - Temperature data sent via websocket.
2024-04-20 15:07:54 - INFO - Received temperature measurement: 2, from country: USA, location: ISB, lt: 2.0, lg:3.0
2024-04-20 15:07:54 - INFO - Putting temperature data into queue
2024-04-20 15:07:54 - ERROR - Error sending temperature data via websocket: [WinError 10053] An established connection was aborted by the software in your host machine
2024-04-20 15:07:54 - INFO - Connected to websocket server.
2024-04-20 15:07:55 - INFO - Temperature data sent via websocket.
2024-04-20 15:08:53 - INFO - Received temperature measurement: -15, from country: USA, location: ISB, lt: 2.0, lg:3.0
2024-04-20 15:08:53 - INFO - Putting temperature data into queue
2024-04-20 15:08:54 - INFO - Temperature data sent via websocket.
2024-04-20 15:09:54 - INFO - Received temperature measurement: 46, from country: USA, location: ISB, lt: 2.0, lg:3.0
2024-04-20 15:09:54 - INFO - Putting temperature data into queue
2024-04-20 15:09:54 - INFO - Temperature data sent via websocket.
2024-04-20 15:10:53 - INFO - Received temperature measurement: 19, from country: USA, location: ISB, lt: 2.0, lg:3.0
2024-04-20 15:10:53 - INFO - Putting temperature data into queue
2024-04-20 15:10:54 - INFO - Temperature data sent via websocket.
2024-04-20 15:11:54 - INFO - Received temperature measurement: -7, from country: USA, location: ISB, lt: 2.0, lg:3.0
2024-04-20 15:11:54 - INFO - Putting temperature data into queue
2024-04-20 15:11:54 - ERROR - Error sending temperature data via websocket: [WinError 10053] An established connection was aborted by the software in your host machine
2024-04-20 15:11:54 - INFO - Connected to websocket server.
2024-04-20 15:11:55 - INFO - Temperature data sent via websocket.
2024-04-20 15:12:53 - INFO - Received temperature measurement: 45, from country: USA, location: ISB, lt: 2.0, lg:3.0
2024-04-20 15:12:53 - INFO - Putting temperature data into queue
2024-04-20 15:12:54 - INFO - Temperature data sent via websocket.
2024-04-20 15:13:09 - INFO - Waiting for websocket connection...
2024-04-20 15:13:09 - INFO - Connected to websocket server.
2024-04-20 15:13:54 - INFO - Received temperature measurement: -28, from country: USA, location: ISB, lt: 2.0, lg:3.0
2024-04-20 15:13:54 - INFO - Putting temperature data into queue
2024-04-20 15:13:54 - INFO - Temperature data sent via websocket.
2024-04-20 15:14:53 - INFO - Received temperature measurement: 28, from country: USA, location: ISB, lt: 2.0, lg:3.0
2024-04-20 15:14:53 - INFO - Putting temperature data into queue
2024-04-20 15:14:54 - INFO - Temperature data sent via websocket.
2024-04-20 15:15:54 - INFO - Received temperature measurement: -42, from country: USA, location: ISB, lt: 2.0, lg:3.0
2024-04-20 15:15:54 - INFO - Putting temperature data into queue
2024-04-20 15:15:54 - INFO - Temperature data sent via websocket.
2024-04-20 15:16:53 - INFO - Received temperature measurement: 31, from country: USA, location: ISB, lt: 2.0, lg:3.0
2024-04-20 15:16:53 - INFO - Putting temperature data into queue
2024-04-20 15:16:54 - INFO - Temperature data sent via websocket.
2024-04-20 15:17:54 - INFO - Received temperature measurement: -15, from country: USA, location: ISB, lt: 2.0, lg:3.0
2024-04-20 15:17:54 - INFO - Putting temperature data into queue
2024-04-20 15:17:54 - INFO - Temperature data sent via websocket.
2024-04-20 15:18:53 - INFO - Received temperature measurement: 14, from country: USA, location: ISB, lt: 2.0, lg:3.0
2024-04-20 15:18:53 - INFO - Putting temperature data into queue
2024-04-20 15:18:54 - INFO - Temperature data sent via websocket.
2024-04-20 15:19:54 - INFO - Received temperature measurement: 9, from country: USA, location: ISB, lt: 2.0, lg:3.0
2024-04-20 15:19:54 - INFO - Putting temperature data into queue
2024-04-20 15:19:54 - INFO - Temperature data sent via websocket.
2024-04-20 15:20:53 - INFO - Received temperature measurement: -46, from country: USA, location: ISB, lt: 2.0, lg:3.0
2024-04-20 15:20:53 - INFO - Putting temperature data into queue
2024-04-20 15:20:53 - INFO - Temperature data sent via websocket.
2024-04-20 15:21:53 - INFO - Received temperature measurement: -3, from country: USA, location: ISB, lt: 2.0, lg:3.0
2024-04-20 15:21:53 - INFO - Putting temperature data into queue
2024-04-20 15:21:54 - INFO - Temperature data sent via websocket.
2024-04-20 15:22:54 - INFO - Received temperature measurement: -2, from country: USA, location: ISB, lt: 2.0, lg:3.0
2024-04-20 15:22:54 - INFO - Putting temperature data into queue
2024-04-20 15:22:54 - INFO - Temperature data sent via websocket.
2024-04-20 15:23:53 - INFO - Received temperature measurement: 7, from country: USA, location: ISB, lt: 2.0, lg:3.0
2024-04-20 15:23:53 - INFO - Putting temperature data into queue
2024-04-20 15:23:54 - INFO - Temperature data sent via websocket.
2024-04-20 15:24:54 - INFO - Received temperature measurement: 40, from country: USA, location: ISB, lt: 2.0, lg:3.0
2024-04-20 15:24:54 - INFO - Putting temperature data into queue
2024-04-20 15:24:54 - INFO - Temperature data sent via websocket.
2024-04-20 15:25:53 - INFO - Received temperature measurement: 10, from country: USA, location: ISB, lt: 2.0, lg:3.0
2024-04-20 15:25:53 - INFO - Putting temperature data into queue
2024-04-20 15:25:54 - INFO - Temperature data sent via websocket.
2024-04-20 15:26:53 - INFO - Received temperature measurement: -14, from country: USA, location: ISB, lt: 2.0, lg:3.0
2024-04-20 15:26:53 - INFO - Putting temperature data into queue
2024-04-20 15:26:54 - INFO - Temperature data sent via websocket.
2024-04-20 15:27:53 - INFO - Received temperature measurement: -18, from country: USA, location: ISB, lt: 2.0, lg:3.0
2024-04-20 15:27:53 - INFO - Putting temperature data into queue
2024-04-20 15:27:54 - ERROR - Error sending temperature data via websocket: [WinError 10054] An existing connection was forcibly closed by the remote host
2024-04-20 15:27:58 - ERROR - Failed to connect to websocket server: [WinError 10061] No connection could be made because the target machine actively refused it
2024-04-20 15:27:58 - INFO - Retrying connection in 20 seconds...
2024-04-20 15:28:22 - ERROR - Failed to connect to websocket server: [WinError 10061] No connection could be made because the target machine actively refused it
2024-04-20 15:28:22 - INFO - Retrying connection in 20 seconds...
2024-04-20 15:28:46 - ERROR - Failed to connect to websocket server: [WinError 10061] No connection could be made because the target machine actively refused it
2024-04-20 15:28:46 - INFO - Retrying connection in 20 seconds...
2024-04-20 15:28:54 - INFO - Received temperature measurement: 14, from country: USA, location: ISB, lt: 2.0, lg:3.0
2024-04-20 15:28:54 - INFO - Putting temperature data into queue
2024-04-20 15:29:10 - ERROR - Failed to connect to websocket server: [WinError 10061] No connection could be made because the target machine actively refused it
2024-04-20 15:29:10 - INFO - Retrying connection in 20 seconds...
2024-04-20 15:29:34 - ERROR - Failed to connect to websocket server: [WinError 10061] No connection could be made because the target machine actively refused it
2024-04-20 15:29:34 - INFO - Retrying connection in 20 seconds...
2024-04-20 15:29:53 - INFO - Received temperature measurement: -32, from country: USA, location: ISB, lt: 2.0, lg:3.0
2024-04-20 15:29:53 - INFO - Putting temperature data into queue
2024-04-20 15:29:58 - ERROR - Failed to connect to websocket server: [WinError 10061] No connection could be made because the target machine actively refused it
2024-04-20 15:29:58 - INFO - Retrying connection in 20 seconds...
2024-04-20 15:30:22 - ERROR - Failed to connect to websocket server: [WinError 10061] No connection could be made because the target machine actively refused it
2024-04-20 15:30:22 - INFO - Retrying connection in 20 seconds...
2024-04-20 15:30:46 - ERROR - Failed to connect to websocket server: [WinError 10061] No connection could be made because the target machine actively refused it
2024-04-20 15:30:46 - INFO - Retrying connection in 20 seconds...
2024-04-20 15:30:54 - INFO - Received temperature measurement: 29, from country: USA, location: ISB, lt: 2.0, lg:3.0
2024-04-20 15:30:54 - INFO - Putting temperature data into queue
2024-04-20 15:31:10 - ERROR - Failed to connect to websocket server: [WinError 10061] No connection could be made because the target machine actively refused it
2024-04-20 15:31:10 - INFO - Retrying connection in 20 seconds...
2024-04-20 15:31:34 - ERROR - Failed to connect to websocket server: [WinError 10061] No connection could be made because the target machine actively refused it
2024-04-20 15:31:34 - INFO - Retrying connection in 20 seconds...
2024-04-20 15:31:53 - INFO - Received temperature measurement: 43, from country: USA, location: ISB, lt: 2.0, lg:3.0
2024-04-20 15:31:53 - INFO - Putting temperature data into queue
2024-04-20 15:31:58 - ERROR - Failed to connect to websocket server: [WinError 10061] No connection could be made because the target machine actively refused it
2024-04-20 15:31:58 - INFO - Retrying connection in 20 seconds...
2024-04-20 15:32:22 - ERROR - Failed to connect to websocket server: [WinError 10061] No connection could be made because the target machine actively refused it
2024-04-20 15:32:22 - INFO - Retrying connection in 20 seconds...
2024-04-20 15:32:46 - ERROR - Failed to connect to websocket server: [WinError 10061] No connection could be made because the target machine actively refused it
2024-04-20 15:32:46 - INFO - Retrying connection in 20 seconds...
2024-04-20 15:32:54 - INFO - Received temperature measurement: 34, from country: USA, location: ISB, lt: 2.0, lg:3.0
2024-04-20 15:32:54 - INFO - Putting temperature data into queue
2024-04-20 15:33:10 - ERROR - Failed to connect to websocket server: [WinError 10061] No connection could be made because the target machine actively refused it
2024-04-20 15:33:10 - INFO - Retrying connection in 20 seconds...
2024-04-20 15:33:30 - INFO - Connected to websocket server.
2024-04-20 15:33:31 - INFO - Temperature data sent via websocket.
2024-04-20 15:33:32 - INFO - Temperature data sent via websocket.
2024-04-20 15:33:34 - INFO - Temperature data sent via websocket.
2024-04-20 15:33:35 - INFO - Temperature data sent via websocket.
2024-04-20 15:33:36 - INFO - Temperature data sent via websocket.
2024-04-20 15:33:37 - INFO - Temperature data sent via websocket.
2024-04-20 15:33:54 - INFO - Received temperature measurement: 39, from country: USA, location: ISB, lt: 2.0, lg:3.0
2024-04-20 15:33:54 - INFO - Putting temperature data into queue
2024-04-20 15:33:55 - INFO - Temperature data sent via websocket.
2024-04-20 15:34:49 - INFO - Waiting for websocket connection...
2024-04-20 15:34:49 - INFO - Connected to websocket server.
2024-04-20 15:34:53 - INFO - Received temperature measurement: 43, from country: USA, location: ISB, lt: 2.0, lg:3.0
2024-04-20 15:34:53 - INFO - Putting temperature data into queue
2024-04-20 15:34:54 - ERROR - Error sending temperature data via websocket: [WinError 10054] An existing connection was forcibly closed by the remote host
2024-04-20 15:34:54 - INFO - Connected to websocket server.
2024-04-20 15:34:55 - INFO - Temperature data sent via websocket.
2024-04-20 15:35:54 - INFO - Received temperature measurement: 31, from country: USA, location: ISB, lt: 2.0, lg:3.0
2024-04-20 15:35:54 - INFO - Putting temperature data into queue
2024-04-20 15:35:54 - ERROR - Error sending temperature data via websocket: [WinError 10054] An existing connection was forcibly closed by the remote host
2024-04-20 15:35:58 - ERROR - Failed to connect to websocket server: [WinError 10061] No connection could be made because the target machine actively refused it
2024-04-20 15:35:58 - INFO - Retrying connection in 20 seconds...
2024-04-20 15:37:29 - INFO - Waiting for websocket connection...
2024-04-20 15:37:29 - INFO - Connected to websocket server.
2024-04-20 15:37:54 - INFO - Received temperature measurement: 12, from country: USA, location: ISB, lt: 2.0, lg:3.0
2024-04-20 15:37:54 - INFO - Putting temperature data into queue
2024-04-20 15:37:54 - INFO - Temperature data sent via websocket.
2024-04-20 15:38:54 - INFO - Received temperature measurement: 36, from country: USA, location: ISB, lt: 2.0, lg:3.0
2024-04-20 15:38:54 - INFO - Putting temperature data into queue
2024-04-20 15:38:55 - ERROR - Error sending temperature data via websocket: [WinError 10054] An existing connection was forcibly closed by the remote host
2024-04-20 15:38:59 - ERROR - Failed to connect to websocket server: [WinError 10061] No connection could be made because the target machine actively refused it
2024-04-20 15:38:59 - INFO - Retrying connection in 20 seconds...
2024-04-20 15:49:51 - INFO - Waiting for websocket connection...
2024-04-20 15:49:55 - ERROR - Failed to connect to websocket server: [WinError 10061] No connection could be made because the target machine actively refused it
2024-04-20 15:49:55 - INFO - Retrying connection in 20 seconds...
2024-04-20 15:49:56 - ERROR - Failed to connect to websocket server: [WinError 10061] No connection could be made because the target machine actively refused it
2024-04-20 15:49:56 - INFO - Retrying connection in 20 seconds...
2024-04-20 15:50:15 - INFO - Connected to websocket server.
2024-04-20 15:50:16 - INFO - Received temperature measurement: -24, from country: USA, location: ISB, lt: 2.0, lg:3.0
2024-04-20 15:50:16 - INFO - Putting temperature data into queue
2024-04-20 15:50:17 - INFO - Temperature data sent via websocket.
2024-04-20 15:51:41 - INFO - Waiting for websocket connection...
2024-04-20 15:51:45 - ERROR - Failed to connect to websocket server: [WinError 10061] No connection could be made because the target machine actively refused it
2024-04-20 15:51:45 - INFO - Retrying connection in 20 seconds...
2024-04-20 15:51:46 - ERROR - Failed to connect to websocket server: [WinError 10061] No connection could be made because the target machine actively refused it
2024-04-20 15:51:46 - INFO - Retrying connection in 20 seconds...
2024-04-20 15:52:05 - INFO - Connected to websocket server.
2024-04-20 15:52:35 - INFO - Received temperature measurement: 7, from country: USA, location: ISB, lt: 2.0, lg:3.0
2024-04-20 15:52:35 - INFO - Putting temperature data into queue
2024-04-20 15:52:35 - INFO - Temperature data sent via websocket.
2024-04-20 15:53:35 - INFO - Received temperature measurement: -41, from country: USA, location: ISB, lt: 2.0, lg:3.0
2024-04-20 15:53:35 - INFO - Putting temperature data into queue
2024-04-20 15:53:36 - INFO - Temperature data sent via websocket.
2024-04-20 15:54:35 - INFO - Received temperature measurement: 13, from country: USA, location: ISB, lt: 2.0, lg:3.0
2024-04-20 15:54:35 - INFO - Putting temperature data into queue
2024-04-20 15:54:35 - INFO - Temperature data sent via websocket.
2024-04-20 15:55:35 - INFO - Received temperature measurement: -12, from country: USA, location: ISB, lt: 2.0, lg:3.0
2024-04-20 15:55:35 - INFO - Putting temperature data into queue
2024-04-20 15:55:36 - ERROR - Error sending temperature data via websocket: [WinError 10054] An existing connection was forcibly closed by the remote host
2024-04-20 15:55:36 - INFO - Connected to websocket server.
2024-04-20 15:55:37 - INFO - Temperature data sent via websocket.
2024-04-20 15:56:34 - INFO - Received temperature measurement: -45, from country: USA, location: ISB, lt: 2.0, lg:3.0
2024-04-20 15:56:34 - INFO - Putting temperature data into queue
2024-04-20 15:56:35 - INFO - Temperature data sent via websocket.
2024-04-20 15:57:35 - INFO - Received temperature measurement: -36, from country: USA, location: ISB, lt: 2.0, lg:3.0
2024-04-20 15:57:35 - INFO - Putting temperature data into queue
2024-04-20 15:57:36 - ERROR - Error sending temperature data via websocket: [WinError 10054] An existing connection was forcibly closed by the remote host
2024-04-20 15:57:36 - INFO - Connected to websocket server.
2024-04-20 15:57:37 - INFO - Temperature data sent via websocket.
2024-04-20 15:58:35 - INFO - Received temperature measurement: -2, from country: USA, location: ISB, lt: 2.0, lg:3.0
2024-04-20 15:58:35 - INFO - Putting temperature data into queue
2024-04-20 15:58:35 - ERROR - Error sending temperature data via websocket: [WinError 10054] An existing connection was forcibly closed by the remote host
2024-04-20 15:58:39 - ERROR - Failed to connect to websocket server: [WinError 10061] No connection could be made because the target machine actively refused it
2024-04-20 15:58:39 - INFO - Retrying connection in 20 seconds...
2024-04-20 15:59:03 - ERROR - Failed to connect to websocket server: [WinError 10061] No connection could be made because the target machine actively refused it
2024-04-20 15:59:03 - INFO - Retrying connection in 20 seconds...
2024-04-20 15:59:27 - ERROR - Failed to connect to websocket server: [WinError 10061] No connection could be made because the target machine actively refused it
2024-04-20 15:59:27 - INFO - Retrying connection in 20 seconds...
2024-04-20 15:59:35 - INFO - Received temperature measurement: 13, from country: USA, location: ISB, lt: 2.0, lg:3.0
2024-04-20 15:59:35 - INFO - Putting temperature data into queue
2024-04-20 15:59:51 - ERROR - Failed to connect to websocket server: [WinError 10061] No connection could be made because the target machine actively refused it
2024-04-20 15:59:51 - INFO - Retrying connection in 20 seconds...
2024-04-20 16:00:15 - ERROR - Failed to connect to websocket server: [WinError 10061] No connection could be made because the target machine actively refused it
2024-04-20 16:00:15 - INFO - Retrying connection in 20 seconds...
2024-04-20 16:00:34 - INFO - Received temperature measurement: -19, from country: USA, location: ISB, lt: 2.0, lg:3.0
2024-04-20 16:00:34 - INFO - Putting temperature data into queue
2024-04-20 16:00:39 - ERROR - Failed to connect to websocket server: [WinError 10061] No connection could be made because the target machine actively refused it
2024-04-20 16:00:39 - INFO - Retrying connection in 20 seconds...
2024-04-20 16:01:03 - ERROR - Failed to connect to websocket server: [WinError 10061] No connection could be made because the target machine actively refused it
2024-04-20 16:01:03 - INFO - Retrying connection in 20 seconds...
2024-04-20 16:01:28 - ERROR - Failed to connect to websocket server: [WinError 10061] No connection could be made because the target machine actively refused it
2024-04-20 16:01:28 - INFO - Retrying connection in 20 seconds...
2024-04-20 16:01:35 - INFO - Received temperature measurement: -39, from country: USA, location: ISB, lt: 2.0, lg:3.0
2024-04-20 16:01:35 - INFO - Putting temperature data into queue
2024-04-20 16:01:52 - ERROR - Failed to connect to websocket server: [WinError 10061] No connection could be made because the target machine actively refused it
2024-04-20 16:01:52 - INFO - Retrying connection in 20 seconds...
2024-04-20 16:02:16 - ERROR - Failed to connect to websocket server: [WinError 10061] No connection could be made because the target machine actively refused it
2024-04-20 16:02:16 - INFO - Retrying connection in 20 seconds...
2024-04-20 16:02:34 - INFO - Received temperature measurement: 25, from country: USA, location: ISB, lt: 2.0, lg:3.0
2024-04-20 16:02:34 - INFO - Putting temperature data into queue
2024-04-20 16:02:40 - ERROR - Failed to connect to websocket server: [WinError 10061] No connection could be made because the target machine actively refused it
2024-04-20 16:02:40 - INFO - Retrying connection in 20 seconds...
2024-04-20 16:03:04 - ERROR - Failed to connect to websocket server: [WinError 10061] No connection could be made because the target machine actively refused it
2024-04-20 16:03:04 - INFO - Retrying connection in 20 seconds...
2024-04-20 16:03:28 - ERROR - Failed to connect to websocket server: [WinError 10061] No connection could be made because the target machine actively refused it
2024-04-20 16:03:28 - INFO - Retrying connection in 20 seconds...
2024-04-20 16:03:35 - INFO - Received temperature measurement: 6, from country: USA, location: ISB, lt: 2.0, lg:3.0
2024-04-20 16:03:35 - INFO - Putting temperature data into queue
2024-04-20 16:03:52 - ERROR - Failed to connect to websocket server: [WinError 10061] No connection could be made because the target machine actively refused it
2024-04-20 16:03:52 - INFO - Retrying connection in 20 seconds...
2024-04-20 16:04:16 - ERROR - Failed to connect to websocket server: [WinError 10061] No connection could be made because the target machine actively refused it
2024-04-20 16:04:16 - INFO - Retrying connection in 20 seconds...
2024-04-20 16:04:34 - INFO - Received temperature measurement: 23, from country: USA, location: ISB, lt: 2.0, lg:3.0
2024-04-20 16:04:34 - INFO - Putting temperature data into queue
2024-04-20 16:04:40 - ERROR - Failed to connect to websocket server: [WinError 10061] No connection could be made because the target machine actively refused it
2024-04-20 16:04:40 - INFO - Retrying connection in 20 seconds...
2024-04-20 16:05:04 - ERROR - Failed to connect to websocket server: [WinError 10061] No connection could be made because the target machine actively refused it
2024-04-20 16:05:04 - INFO - Retrying connection in 20 seconds...
2024-04-20 16:05:28 - ERROR - Failed to connect to websocket server: [WinError 10061] No connection could be made because the target machine actively refused it
2024-04-20 16:05:28 - INFO - Retrying connection in 20 seconds...
2024-04-20 16:05:35 - INFO - Received temperature measurement: -35, from country: USA, location: ISB, lt: 2.0, lg:3.0
2024-04-20 16:05:35 - INFO - Putting temperature data into queue
2024-04-20 16:05:52 - ERROR - Failed to connect to websocket server: [WinError 10061] No connection could be made because the target machine actively refused it
2024-04-20 16:05:52 - INFO - Retrying connection in 20 seconds...
2024-04-20 16:06:16 - ERROR - Failed to connect to websocket server: [WinError 10061] No connection could be made because the target machine actively refused it
2024-04-20 16:06:16 - INFO - Retrying connection in 20 seconds...
2024-04-20 16:06:35 - INFO - Received temperature measurement: 35, from country: USA, location: ISB, lt: 2.0, lg:3.0
2024-04-20 16:06:35 - INFO - Putting temperature data into queue
2024-04-20 16:06:40 - ERROR - Failed to connect to websocket server: [WinError 10061] No connection could be made because the target machine actively refused it
2024-04-20 16:06:40 - INFO - Retrying connection in 20 seconds...
2024-04-20 16:07:00 - INFO - Connected to websocket server.
2024-04-20 16:07:01 - INFO - Temperature data sent via websocket.
2024-04-20 16:07:02 - INFO - Temperature data sent via websocket.
2024-04-20 16:07:03 - INFO - Temperature data sent via websocket.
2024-04-20 16:07:05 - INFO - Temperature data sent via websocket.
2024-04-20 16:07:06 - INFO - Temperature data sent via websocket.
2024-04-20 16:07:07 - INFO - Temperature data sent via websocket.
2024-04-20 16:07:08 - INFO - Temperature data sent via websocket.
2024-04-20 16:07:09 - INFO - Temperature data sent via websocket.
2024-04-20 16:07:10 - INFO - Temperature data sent via websocket.
2024-04-20 16:07:35 - INFO - Received temperature measurement: 45, from country: USA, location: ISB, lt: 2.0, lg:3.0
2024-04-20 16:07:35 - INFO - Putting temperature data into queue
2024-04-20 16:07:36 - ERROR - Error sending temperature data via websocket: [WinError 10054] An existing connection was forcibly closed by the remote host
2024-04-20 16:07:40 - ERROR - Failed to connect to websocket server: [WinError 10061] No connection could be made because the target machine actively refused it
2024-04-20 16:07:40 - INFO - Retrying connection in 20 seconds...
2024-04-20 16:08:04 - ERROR - Failed to connect to websocket server: [WinError 10061] No connection could be made because the target machine actively refused it
2024-04-20 16:08:04 - INFO - Retrying connection in 20 seconds...
2024-04-20 16:08:28 - ERROR - Failed to connect to websocket server: [WinError 10061] No connection could be made because the target machine actively refused it
2024-04-20 16:08:28 - INFO - Retrying connection in 20 seconds...
2024-04-20 16:08:35 - INFO - Received temperature measurement: -40, from country: USA, location: ISB, lt: 2.0, lg:3.0
2024-04-20 16:08:35 - INFO - Putting temperature data into queue
2024-04-20 16:08:48 - INFO - Connected to websocket server.
2024-04-20 16:08:49 - INFO - Temperature data sent via websocket.
2024-04-20 16:08:50 - INFO - Temperature data sent via websocket.
2024-04-20 16:09:35 - INFO - Received temperature measurement: -20, from country: USA, location: ISB, lt: 2.0, lg:3.0
2024-04-20 16:09:35 - INFO - Putting temperature data into queue
2024-04-20 16:09:35 - ERROR - Error sending temperature data via websocket: [WinError 10054] An existing connection was forcibly closed by the remote host
2024-04-20 16:09:39 - ERROR - Failed to connect to websocket server: [WinError 10061] No connection could be made because the target machine actively refused it
2024-04-20 16:09:39 - INFO - Retrying connection in 20 seconds...
